scripts/kconfig/conf --silentoldconfig Kconfig
warning: (DRM_KMS_HELPER && FB_S3C) selects FRAMEBUFFER_CONSOLE_DETECT_PRIMARY which has unmet direct dependencies (HAS_IOMEM && VT && FRAMEBUFFER_CONSOLE)
warning: (DRM_KMS_HELPER && FB_S3C) selects FRAMEBUFFER_CONSOLE_DETECT_PRIMARY which has unmet direct dependencies (HAS_IOMEM && VT && FRAMEBUFFER_CONSOLE)
  CHK     include/linux/version.h
  UPD     include/linux/version.h
  CHK     include/generated/kernelversion.h
  UPD     include/generated/kernelversion.h
  CHK     include/generated/utsrelease.h
  UPD     include/generated/utsrelease.h
  HOSTCC  scripts/kallsyms
  CC      scripts/mod/empty.o
  HOSTCC  scripts/mod/mk_elfconfig
  MKELF   scripts/mod/elfconfig.h
  HOSTCC  scripts/conmakehash
  HOSTCC  scripts/mod/file2alias.o
  HOSTCC  scripts/mod/modpost.o
  HOSTCC  scripts/mod/sumversion.o
  Generating include/generated/mach-types.h
  CC      kernel/bounds.s
  GEN     include/generated/bounds.h
  CC      arch/arm/kernel/asm-offsets.s
  GEN     include/generated/asm-offsets.h
  CALL    scripts/checksyscalls.sh
  HOSTLD  scripts/mod/modpost
  CC      init/main.o
  CHK     include/generated/compile.h
  HOSTCC  usr/gen_init_cpio
  CC      arch/arm/vfp/vfpmodule.o
  UPD     include/generated/compile.h
  CC      arch/arm/kernel/elf.o
  AS      arch/arm/kernel/entry-armv.o
  GEN     usr/initramfs_data.cpio
  AS      arch/arm/kernel/entry-common.o
  AS      arch/arm/vfp/entry.o
  CC      arch/arm/kernel/irq.o
  AS      usr/initramfs_data.o
  AS      arch/arm/vfp/vfphw.o
  LD      usr/built-in.o
  CC      arch/arm/vfp/vfpsingle.o
  CC      arch/arm/kernel/process.o
  CC      init/do_mounts.o
  CC      arch/arm/vfp/vfpdouble.o
  CC      arch/arm/kernel/ptrace.o
  CC      arch/arm/kernel/return_address.o
  CC      init/do_mounts_rd.o
  CC      arch/arm/kernel/setup.o
  LD      arch/arm/vfp/vfp.o
  LD      arch/arm/vfp/built-in.o
  CC      arch/arm/mm/dma-mapping.o
  CC      init/do_mounts_initrd.o
  CC      arch/arm/common/vic.o
  CC      arch/arm/kernel/signal.o
  CC      arch/arm/mm/extable.o
  CC      init/initramfs.o
  CC      arch/arm/common/pl330.o
  CC      arch/arm/mm/fault.o
  CC      arch/arm/kernel/sys_arm.o
  CC      arch/arm/mm/init.o
  CC      init/calibrate.o
  CC      init/version.o
arch/arm/mm/init.c: In function 'mem_init':
arch/arm/mm/init.c:675: warning: format '%08lx' expects type 'long unsigned int', but argument 12 has type 'unsigned int'
  CC      arch/arm/kernel/stacktrace.o
  LD      init/mounts.o
  LD      init/built-in.o
  AS      arch/arm/common/fiq_glue.o
  CC      arch/arm/mm/iomap.o
  CC      arch/arm/common/fiq_glue_setup.o
  CC      arch/arm/mm/fault-armv.o
  CC      arch/arm/common/fiq_debugger.o
  CC      arch/arm/kernel/time.o
  CC      arch/arm/mach-s5pv210/cpu.o
arch/arm/mach-s5pv210/include/mach/system.h:18: warning: 'arch_idle' defined but not used
  CC      arch/arm/kernel/traps.o
  CC      arch/arm/mm/flush.o
  CC      arch/arm/mach-s5pv210/init.o
  CC      arch/arm/mach-s5pv210/clock.o
  CC      arch/arm/mm/idmap.o
  CC      arch/arm/kernel/etm.o
  LD      arch/arm/common/built-in.o
  CC      arch/arm/kernel/fiq.o
  CC      arch/arm/mm/ioremap.o
  CC      arch/arm/mach-s5pv210/dma.o
  AS      arch/arm/kernel/fiqasm.o
  CC      arch/arm/kernel/armksyms.o
  CC      arch/arm/mach-s5pv210/setup-i2c0.o
  CC      arch/arm/mm/mmap.o
  CC      arch/arm/mach-s5pv210/pm.o
  CC      arch/arm/kernel/module.o
  AS      arch/arm/kernel/sleep.o
  CC      arch/arm/kernel/machine_kexec.o
  CC      arch/arm/mm/pgd.o
  AS      arch/arm/mach-s5pv210/sleep.o
  CC      arch/arm/mach-s5pv210/cpufreq.o
  CC      arch/arm/plat-s5p/dev-pmu.o
  AS      arch/arm/kernel/relocate_kernel.o
  CC      arch/arm/plat-s5p/dev-uart.o
  CC      arch/arm/mm/mmu.o
  CC      arch/arm/kernel/atags.o
  CC      arch/arm/plat-s5p/cpu.o
  CC      arch/arm/kernel/sys_oabi-compat.o
  CC      arch/arm/mach-s5pv210/power-domain.o
  CC      arch/arm/plat-s5p/clock.o
  CC      arch/arm/plat-s5p/irq.o
  CC      arch/arm/mm/vmregion.o
  CC      arch/arm/mach-s5pv210/coresight.o
  CC      arch/arm/kernel/thumbee.o
  CC      arch/arm/mm/proc-syms.o
  CC      arch/arm/kernel/pmu.o
  CC      arch/arm/plat-s5p/devs.o
  CC      arch/arm/mach-s5pv210/mach-victory.o
  CC      arch/arm/kernel/io.o
  CC      arch/arm/mm/alignment.o
  CC      arch/arm/plat-s5p/bootmem.o
  AS      arch/arm/kernel/head.o
In file included from arch/arm/mach-s5pv210/mach-victory.c:102:
include/linux/kernel_sec_common.h:46:1: warning: "S3C_PA_WDT" redefined
In file included from arch/arm/mach-s5pv210/mach-victory.c:42:
arch/arm/mach-s5pv210/include/mach/map.h:180:1: warning: this is the location of the previous definition
arch/arm/mach-s5pv210/mach-victory.c: In function 'ce147_power_en':
arch/arm/mach-s5pv210/mach-victory.c:1864: warning: unused variable 'bd_level'
arch/arm/mach-s5pv210/mach-victory.c: At top level:
arch/arm/mach-s5pv210/mach-victory.c:3402: warning: function declaration isn't a prototype
  CC      arch/arm/kernel/init_task.o
arch/arm/mach-s5pv210/include/mach/system.h:18: warning: 'arch_idle' defined but not used
arch/arm/mach-s5pv210/mach-victory.c:260: warning: 'uart_switch_init' defined but not used
arch/arm/mach-s5pv210/mach-victory.c:346: warning: 'nt35580' defined but not used
arch/arm/mach-s5pv210/mach-victory.c:1896: warning: 'smdkc110_cam1_power' defined but not used
arch/arm/mach-s5pv210/mach-victory.c:2005: warning: 's5ka3dfx_vga_avdd' defined but not used
arch/arm/mach-s5pv210/mach-victory.c:2455: warning: 'i2c_devs8' defined but not used
arch/arm/mach-s5pv210/mach-victory.c:2802: warning: 'set_popup_sw_enable' defined but not used
arch/arm/mach-s5pv210/mach-victory.c:3429: warning: 'k3g_irq_init' defined but not used
  CC      arch/arm/plat-s5p/reset.o
  CC      arch/arm/plat-s5p/irq-eint.o
  AS      arch/arm/mm/abort-ev7.o
  AS      arch/arm/mm/pabort-v7.o
  AS      arch/arm/mm/cache-v7.o
  LDS     arch/arm/kernel/vmlinux.lds
  LD      arch/arm/kernel/built-in.o
  CC      arch/arm/mm/copypage-v6.o
  CC      arch/arm/mm/context.o
  CC      arch/arm/plat-s5p/irq-eint-group.o
  AS      arch/arm/mm/tlb-v7.o
  CC      arch/arm/mach-s5pv210/aries-rfkill.o
  AS      arch/arm/mm/proc-v7.o
  CC      arch/arm/plat-s5p/pm.o
  LD      arch/arm/mm/built-in.o
arch/arm/mach-s5pv210/aries-rfkill.c: In function 'bluetooth_set_sleep':
arch/arm/mach-s5pv210/aries-rfkill.c:235: warning: unused variable 'ret'
  CC      arch/arm/plat-s5p/irq-pm.o
  CC      arch/arm/plat-samsung/init.o
  CC      arch/arm/mach-s5pv210/aries-btlpm.o
  CC      arch/arm/plat-s5p/dev-onenand.o
  CC      arch/arm/plat-s5p/dev-csis0.o
  CC      arch/arm/mach-s5pv210/aries-watchdog.o
  CC      arch/arm/mach-s5pv210/aries-panel.o
  CC      arch/arm/plat-samsung/clock.o
arch/arm/plat-s5p/dev-csis0.c: In function 's3c_csis_set_platdata':
arch/arm/plat-s5p/dev-csis0.c:57: warning: assignment from incompatible pointer type
arch/arm/mach-s5pv210/aries-panel.c:70:36: warning: "CONFIG_MACH_FORTE" is not defined
  CC      arch/arm/plat-s5p/setup-mipiphy.o
  CC      arch/arm/mach-s5pv210/dev-aries-phone.o
  CC      arch/arm/mach-s5pv210/dev-audio.o
  CC      arch/arm/plat-s5p/hr-time-rtc.o
  CC      arch/arm/plat-s5p/dev-mfc.o
  CC      arch/arm/mach-s5pv210/dev-fiqdbg.o
  CC      arch/arm/plat-s5p/setup-mfc.o
  CC      arch/arm/plat-samsung/pwm-clock.o
  CC      kernel/sched.o
  LD      arch/arm/plat-s5p/built-in.o
  CC      arch/arm/plat-samsung/gpio.o
  CC      arch/arm/mach-s5pv210/adc.o
  CC      arch/arm/plat-samsung/gpio-config.o
  CC      arch/arm/plat-samsung/dev-asocdma.o
  CC      arch/arm/plat-samsung/clock-clksrc.o
  CC      arch/arm/mach-s5pv210/setup-fb.o
  CC      mm/filemap.o
  CC      arch/arm/mach-s5pv210/setup-i2c1.o
  CC      arch/arm/plat-samsung/irq-uart.o
  CC      arch/arm/mach-s5pv210/setup-i2c2.o
  CC      arch/arm/mach-s5pv210/setup-sdhci.o
  CC      arch/arm/plat-samsung/irq-vic-timer.o
  CC      arch/arm/mach-s5pv210/setup-sdhci-gpio.o
  CC      arch/arm/plat-samsung/platformdata.o
  CC      arch/arm/plat-samsung/dev-hsmmc.o
  CC      arch/arm/mach-s5pv210/setup-fimc0.o
  CC      arch/arm/plat-samsung/dev-hsmmc1.o
  CC      arch/arm/mach-s5pv210/setup-fimc1.o
  CC      arch/arm/mach-s5pv210/setup-fimc2.o
  CC      arch/arm/mach-s5pv210/cpuidle.o
  CC      arch/arm/plat-samsung/dev-hsmmc2.o
  CC      arch/arm/mach-s5pv210/dev-cpufreq.o
  CC      mm/mempool.o
  LD      arch/arm/mach-s5pv210/built-in.o
  CC      arch/arm/plat-samsung/dev-hsmmc3.o
  CC      fs/open.o
  CC      arch/arm/plat-samsung/dev-i2c0.o
  CC      mm/oom_kill.o
  CC      arch/arm/plat-samsung/dev-i2c1.o
arch/arm/plat-samsung/dev-i2c1.c: In function 's3c_i2c1_force_stop':
arch/arm/plat-samsung/dev-i2c1.c:77: warning: unused variable 'ioarea'
  CC      arch/arm/plat-samsung/dev-i2c2.o
  CC      fs/read_write.o
  CC      arch/arm/plat-samsung/dev-uart.o
  CC      mm/fadvise.o
  CC      arch/arm/plat-samsung/dev-wdt.o
  CC      arch/arm/plat-samsung/dev-pwm.o
  CC      mm/maccess.o
  CC      kernel/fork.o
  CC      arch/arm/plat-samsung/s3c-pl330.o
  CC      mm/page_alloc.o
  CC      fs/file_table.o
  CC      fs/super.o
  CC      arch/arm/plat-samsung/pm.o
  CC      kernel/exec_domain.o
  CC      arch/arm/plat-samsung/pm-gpio.o
  CC      kernel/panic.o
  CC      fs/char_dev.o
  CC      arch/arm/plat-samsung/pwm.o
  CC      kernel/printk.o
  CC      mm/page-writeback.o
  LD      arch/arm/plat-samsung/built-in.o
  CC      mm/readahead.o
  CC      fs/stat.o
  CC      mm/swap.o
  CC      fs/exec.o
  CC      fs/pipe.o
  CC      kernel/cpu.o
  CC      mm/truncate.o
  CC      kernel/exit.o
  CC      fs/namei.o
  CC      ipc/util.o
  CC      mm/vmscan.o
  CC      ipc/msgutil.o
  CC      kernel/itimer.o
  CC      ipc/msg.o
  TIMEC   kernel/timeconst.h
  CC      kernel/softirq.o
  CC      ipc/sem.o
  CC      mm/shmem.o
  CC      kernel/resource.o
  CC      fs/fcntl.o
  CC      ipc/shm.o
  CC      kernel/sysctl.o
  CC      fs/ioctl.o
  CC      ipc/ipcns_notifier.o
  CC      fs/readdir.o
  CC      ipc/syscall.o
  CC      mm/prio_tree.o
  CC      mm/util.o
  CC      ipc/ipc_sysctl.o
  CC      fs/select.o
  CC      mm/mmzone.o
  CC      kernel/sysctl_binary.o
  LD      ipc/built-in.o
  CC      security/commoncap.o
  CC      mm/vmstat.o
  CC      security/min_addr.o
  CC      fs/fifo.o
  CC      kernel/capability.o
  CC      mm/backing-dev.o
  LD      security/built-in.o
  CC      crypto/api.o
  CC      fs/dcache.o
  CC      kernel/ptrace.o
  CC      crypto/cipher.o
  CC      mm/page_isolation.o
  CC      mm/mm_init.o
  CC      crypto/compress.o
  CC      kernel/timer.o
  CC      crypto/algapi.o
  CC      mm/mmu_context.o
  CC      mm/percpu.o
  CC      kernel/user.o
  CC      crypto/scatterwalk.o
  CC      fs/inode.o
  CC      kernel/signal.o
  CC      crypto/proc.o
  CC      crypto/ablkcipher.o
  CC      mm/fremap.o
  CC      fs/attr.o
  CC      crypto/blkcipher.o
  CC      mm/highmem.o
  CC      fs/bad_inode.o
  CC      mm/madvise.o
  CC      crypto/ahash.o
  CC      kernel/sys.o
  CC      fs/file.o
  CC      mm/memory.o
  CC      crypto/shash.o
  CC      fs/filesystems.o
  CC      fs/namespace.o
  CC      kernel/kmod.o
  CC      crypto/algboss.o
  CC      kernel/workqueue.o
  CC      crypto/testmgr.o
  CC      mm/mincore.o
  CC      crypto/crypto_wq.o
  LD      crypto/crypto_algapi.o
  CC      crypto/aead.o
  CC      mm/mlock.o
  CC      fs/seq_file.o
  LD      crypto/crypto_blkcipher.o
  CC      crypto/chainiv.o
  CC      mm/mmap.o
  CC      fs/xattr.o
  CC      crypto/eseqiv.o
  CC      kernel/pid.o
  LD      crypto/crypto_hash.o
  CC      crypto/pcompress.o
  CC      fs/libfs.o
  CC      kernel/rcupdate.o
  LD      crypto/cryptomgr.o
  CC      crypto/hmac.o
  CC      kernel/extable.o
  CC      mm/mprotect.o
  CC      crypto/md5.o
  CC      kernel/params.o
  CC      crypto/sha1_generic.o
  CC      fs/fs-writeback.o
  CC      mm/mremap.o
  CC      crypto/sha256_generic.o
  CC      kernel/posix-timers.o
  CC      mm/msync.o
  CC      fs/pnode.o
  CC      mm/rmap.o
  CC      crypto/ecb.o
  CC      fs/drop_caches.o
  CC      kernel/kthread.o
  CC      crypto/cbc.o
  CC      fs/splice.o
  CC      kernel/wait.o
  CC      crypto/des_generic.o
  CC      mm/vmalloc.o
  CC      kernel/kfifo.o
  CC      fs/sync.o
  CC      kernel/sys_ni.o
  CC      kernel/posix-cpu-timers.o
  CC      crypto/twofish_generic.o
  CC      fs/utimes.o
  CC      crypto/twofish_common.o
  CC      mm/pagewalk.o
  CC      fs/stack.o
  CC      mm/pgtable-generic.o
  CC      fs/fs_struct.o
  CC      kernel/mutex.o
  CC      crypto/aes_generic.o
  CC      mm/init-mm.o
  CC      mm/bootmem.o
  CC      fs/statfs.o
  CC      kernel/hrtimer.o
  CC      fs/buffer.o
  CC      mm/memblock.o
  CC      kernel/rwsem.o
  CC      crypto/arc4.o
  CC      mm/dmapool.o
  CC      kernel/nsproxy.o
  CC      crypto/deflate.o
  CC      crypto/crc32c.o
  CC      kernel/srcu.o
  CC      mm/sparse.o
  CC      crypto/authenc.o
  CC      kernel/semaphore.o
  CC      mm/ashmem.o
  CC      kernel/notifier.o
  CC      fs/bio.o
  CC      crypto/authencesn.o
  CC      kernel/ksysfs.o
  CC      mm/compaction.o
  CC      kernel/pm_qos_params.o
  CC      kernel/sched_clock.o
  CC      mm/slub.o
  CC      crypto/rng.o
  CC      fs/block_dev.o
  CC      kernel/cred.o
  CC      crypto/krng.o
  CC [M]  crypto/ansi_cprng.o
  CC      kernel/async.o
  LD      crypto/crypto.o
  LD      crypto/built-in.o
  CC      kernel/range.o
  CC      mm/migrate.o
  CC      kernel/jump_label.o
  CC      fs/direct-io.o
  CC      kernel/groups.o
  CC      kernel/freezer.o
  CC      block/elevator.o
  CC      fs/mpage.o
  CC      kernel/profile.o
  LD      mm/built-in.o
  CC      kernel/sysctl_check.o
  CC      block/blk-core.o
  CC      fs/ioprio.o
  CC      fs/cramfs/inode.o
  CC      kernel/stacktrace.o
  CC      kernel/irq/irqdesc.o
  CC      fs/cramfs/uncompress.o
  CC      drivers/amba/bus.o
  LD      fs/cramfs/cramfs.o
  LD      fs/cramfs/built-in.o
  CC      fs/debugfs/inode.o
  CC      kernel/irq/handle.o
  LD      drivers/amba/built-in.o
  LD      drivers/auxdisplay/built-in.o
  CC      drivers/base/core.o
  CC      kernel/irq/manage.o
  CC      fs/debugfs/file.o
  CC      block/blk-tag.o
  LD      fs/debugfs/debugfs.o
  LD      fs/debugfs/built-in.o
  CC      fs/devpts/inode.o
  CC      kernel/irq/spurious.o
  CC      block/blk-sysfs.o
  CC      drivers/base/sys.o
  LD      fs/devpts/devpts.o
  LD      fs/devpts/built-in.o
  CC      kernel/irq/resend.o
  CC      fs/ext2/balloc.o
  CC      drivers/base/bus.o
  CC      kernel/irq/chip.o
  CC      block/blk-flush.o
  CC      kernel/irq/dummychip.o
  CC      drivers/base/dd.o
  CC      fs/ext2/dir.o
  CC      kernel/irq/devres.o
  CC      block/blk-settings.o
  CC      kernel/irq/generic-chip.o
  CC      drivers/base/syscore.o
  CC      kernel/irq/autoprobe.o
  CC      drivers/base/driver.o
  CC      fs/ext2/file.o
  CC      block/blk-ioc.o
  CC      kernel/irq/proc.o
  CC      drivers/base/class.o
  CC      fs/ext2/ialloc.o
  CC      kernel/irq/pm.o
  CC      block/blk-map.o
  CC      drivers/base/platform.o
  LD      kernel/irq/built-in.o
  CC      kernel/power/main.o
  CC      fs/ext2/inode.o
  CC      block/blk-exec.o
  CC      kernel/power/console.o
  CC      drivers/base/cpu.o
  CC      block/blk-merge.o
  CC      kernel/power/process.o
  CC      drivers/base/firmware.o
  CC      drivers/base/init.o
  CC      drivers/base/map.o
  CC      kernel/power/suspend.o
  CC      fs/ext2/ioctl.o
  CC      block/blk-softirq.o
  CC      drivers/base/devres.o
  CC      fs/ext2/namei.o
  CC      kernel/power/wakelock.o
  CC      block/blk-timeout.o
  CC      drivers/base/attribute_container.o
  CC      fs/ext2/super.o
  CC      drivers/base/transport_class.o
  CC      block/blk-iopoll.o
  CC      kernel/power/userwakelock.o
  CC      drivers/base/power/sysfs.o
  CC      block/blk-lib.o
  CC      drivers/base/power/generic_ops.o
  CC      kernel/power/earlysuspend.o
  CC      drivers/base/power/main.o
  CC      fs/ext2/symlink.o
  LD      fs/ext2/ext2.o
  LD      fs/ext2/built-in.o
  CC      block/ioctl.o
  CC      fs/ext4/balloc.o
  CC      kernel/power/fbearlysuspend.o
  CC      kernel/power/poweroff.o
  CC      block/genhd.o
  CC      drivers/base/power/wakeup.o
  LD      kernel/power/built-in.o
  CC      kernel/time/timekeeping.o
  CC      fs/ext4/bitmap.o
  CC      fs/ext4/dir.o
  CC      drivers/base/power/clock_ops.o
  LD      drivers/base/power/built-in.o
  CC      drivers/base/dma-mapping.o
  CC      kernel/time/ntp.o
  CC      drivers/base/dma-coherent.o
  CC      fs/ext4/file.o
  CC      block/scsi_ioctl.o
  CC      drivers/base/firmware_class.o
  CC      kernel/time/clocksource.o
  CC      fs/ext4/fsync.o
  CC      block/noop-iosched.o
  CC      kernel/time/jiffies.o
  CC      drivers/base/module.o
  CC      fs/ext4/ialloc.o
  CC      kernel/time/timer_list.o
  CC      block/deadline-iosched.o
  LD      drivers/base/built-in.o
  CC      drivers/block/brd.o
  CC      kernel/time/timecompare.o
  CC      block/cfq-iosched.o
  CC      kernel/time/timeconv.o
  CC      drivers/block/loop.o
  CC      kernel/time/posix-clock.o
  CC      fs/ext4/inode.o
  CC      kernel/time/clockevents.o
  CC      kernel/time/tick-common.o
  LD      drivers/block/built-in.o
  CC      drivers/bluetooth/hci_ldisc.o
  CC      kernel/time/tick-oneshot.o
  LD      block/built-in.o
  CC      kernel/time/tick-sched.o
  CC      drivers/bluetooth/hci_h4.o
  LD      drivers/cdrom/built-in.o
  CC      kernel/trace/trace_clock.o
  LD      kernel/time/built-in.o
  LD      drivers/bluetooth/hci_uart.o
  CC      sound/sound_core.o
  LD      drivers/bluetooth/built-in.o
  CC      drivers/char/mem.o
  CC      kernel/trace/ring_buffer.o
  LD      sound/arm/built-in.o
  LD      sound/atmel/built-in.o
  CC      sound/core/memalloc.o
  CC      drivers/char/random.o
  CC      sound/core/pcm.o
  CC      drivers/char/misc.o
  CC      fs/ext4/page-io.o
  CC      sound/core/pcm_native.o
  CC      drivers/char/apm-emulation.o
  LD      kernel/trace/built-in.o
  CC      kernel/futex.o
  CC      fs/ext4/ioctl.o
  CC      drivers/char/hw_random/core.o
  CC      fs/ext4/namei.o
  LD      drivers/char/hw_random/rng-core.o
  LD      drivers/char/hw_random/built-in.o
  LD      drivers/char/built-in.o
  LD      drivers/clk/built-in.o
  LD      drivers/clocksource/built-in.o
  CC      drivers/cpufreq/cpufreq.o
  CC      kernel/rtmutex.o
  CC      drivers/cpufreq/cpufreq_stats.o
  CC      sound/core/pcm_lib.o
  CC      drivers/cpufreq/cpufreq_performance.o
  CC      kernel/up.o
  CC      drivers/cpufreq/cpufreq_powersave.o
  CC      kernel/uid16.o
  CC      drivers/cpufreq/cpufreq_userspace.o
  CC      fs/ext4/super.o
  CC      drivers/cpufreq/cpufreq_ondemand.o
  CC      kernel/module.o
  CC      drivers/cpufreq/cpufreq_conservative.o
  CC      sound/core/pcm_timer.o
  CC      drivers/cpufreq/cpufreq_interactive.o
  CC      sound/core/pcm_misc.o
  CC      drivers/cpufreq/freq_table.o
  CC      sound/core/pcm_memory.o
  LD      drivers/cpufreq/built-in.o
  CC      drivers/cpuidle/cpuidle.o
  CC      kernel/kallsyms.o
  CC      sound/core/timer.o
  CC      drivers/cpuidle/driver.o
  CC      kernel/kexec.o
  CC      fs/ext4/symlink.o
  CC      drivers/cpuidle/governor.o
  CC      drivers/cpuidle/sysfs.o
  CC      fs/ext4/hash.o
  CC      drivers/cpuidle/governors/ladder.o
  CC      drivers/cpuidle/governors/menu.o
  CC      fs/ext4/resize.o
  CC      kernel/cgroup.o
drivers/cpuidle/governors/menu.c:128: warning: 'get_loadavg' defined but not used
  CC      sound/core/sound.o
  LD      drivers/cpuidle/governors/built-in.o
  LD      drivers/cpuidle/built-in.o
  LD      drivers/crypto/built-in.o
  LD      drivers/firewire/built-in.o
  LD      drivers/firmware/built-in.o
  CC      drivers/gpio/gpiolib.o
  CC      sound/core/init.o
  CC      fs/ext4/extents.o
  CC      drivers/gpio/gpio-plat-samsung.o
  CC      drivers/gpio/gpio-s5pv210.o
  CC      sound/core/memory.o
  LD      drivers/gpio/built-in.o
  LD      drivers/gpu/drm/i2c/built-in.o
  LD      drivers/gpu/drm/built-in.o
  LD      drivers/gpu/ion/built-in.o
  CC      drivers/gpu/pvr/osfunc.o
  CC      sound/core/info.o
  CC      sound/core/control.o
  CC      kernel/cgroup_freezer.o
  CC      drivers/gpu/pvr/mutils.o
  CC      drivers/gpu/pvr/mmap.o
  CC      fs/ext4/ext4_jbd2.o
  CC      kernel/res_counter.o
  CC      fs/ext4/migrate.o
  CC      kernel/rcutree.o
  CC      drivers/gpu/pvr/module.o
  CC      sound/core/misc.o
  CC      sound/core/device.o
  CC      drivers/gpu/pvr/pdump.o
  CC      drivers/gpu/pvr/proc.o
  CC      fs/ext4/mballoc.o
  CC      sound/core/jack.o
  LD      sound/core/snd.o
  LD      sound/core/snd-timer.o
  CC      drivers/gpu/pvr/pvr_bridge_k.o
  LD      sound/core/snd-pcm.o
  CC      kernel/utsname_sysctl.o
  LD      sound/core/snd-page-alloc.o
  LD      sound/core/built-in.o
  LD      sound/drivers/mpu401/built-in.o
  LD      sound/drivers/opl3/built-in.o
  LD      sound/drivers/opl4/built-in.o
  LD      sound/drivers/pcsp/built-in.o
  LD      sound/drivers/vx/built-in.o
  LD      sound/drivers/built-in.o
  LD      sound/firewire/built-in.o
  LD      sound/i2c/other/built-in.o
  LD      sound/i2c/built-in.o
  LD      sound/isa/ad1816a/built-in.o
  LD      sound/isa/ad1848/built-in.o
  LD      sound/isa/cs423x/built-in.o
  LD      sound/isa/es1688/built-in.o
  LD      sound/isa/galaxy/built-in.o
  CC      kernel/elfcore.o
  LD      sound/isa/gus/built-in.o
  LD      sound/isa/msnd/built-in.o
  LD      sound/isa/opti9xx/built-in.o
  LD      sound/isa/sb/built-in.o
  LD      sound/isa/wavefront/built-in.o
  LD      sound/isa/wss/built-in.o
  LD      sound/isa/built-in.o
  CC      drivers/gpu/pvr/pvr_debug.o
  LD      sound/mips/built-in.o
  LD      sound/parisc/built-in.o
  LD      sound/pci/ac97/built-in.o
  LD      sound/pci/ali5451/built-in.o
  LD      sound/pci/asihpi/built-in.o
  LD      sound/pci/au88x0/built-in.o
  LD      sound/pci/aw2/built-in.o
  CC      kernel/kernel_sec_debug.o
  LD      sound/pci/ca0106/built-in.o
  LD      sound/pci/cs46xx/built-in.o
  LD      sound/pci/cs5535audio/built-in.o
  LD      sound/pci/ctxfi/built-in.o
  LD      sound/pci/echoaudio/built-in.o
  LD      sound/pci/emu10k1/built-in.o
  LD      sound/pci/hda/built-in.o
  LD      sound/pci/ice1712/built-in.o
  LD      sound/pci/korg1212/built-in.o
  LD      sound/pci/lola/built-in.o
  LD      sound/pci/lx6464es/built-in.o
  LD      sound/pci/mixart/built-in.o
  LD      sound/pci/nm256/built-in.o
  LD      sound/pci/oxygen/built-in.o
  CC      drivers/gpu/pvr/mm.o
In file included from kernel/kernel_sec_debug.c:13:
include/linux/kernel_sec_common.h:46:1: warning: "S3C_PA_WDT" redefined
In file included from include/linux/kernel_sec_common.h:7,
                 from kernel/kernel_sec_debug.c:13:
arch/arm/mach-s5pv210/include/mach/map.h:180:1: warning: this is the location of the previous definition
  LD      sound/pci/pcxhr/built-in.o
  LD      sound/pci/riptide/built-in.o
  LD      sound/pci/rme9652/built-in.o
  LD      sound/pci/trident/built-in.o
kernel/kernel_sec_debug.c: In function 'kernel_sec_set_upload_cause':
kernel/kernel_sec_debug.c:224: warning: ISO C90 forbids mixed declarations and code
kernel/kernel_sec_debug.c: At top level:
kernel/kernel_sec_debug.c:668: warning: function declaration isn't a prototype
  LD      sound/pci/vx222/built-in.o
kernel/kernel_sec_debug.c:718: warning: function declaration isn't a prototype
kernel/kernel_sec_debug.c: In function 'dump_cpu_stat':
kernel/kernel_sec_debug.c:827: warning: 'return' with a value, in function returning void
  LD      sound/pci/ymfpci/built-in.o
  LD      sound/pci/built-in.o
  LD      sound/pcmcia/pdaudiocf/built-in.o
  LD      sound/pcmcia/vx/built-in.o
  LD      sound/pcmcia/built-in.o
  LD      sound/ppc/built-in.o
  LD      sound/sh/built-in.o
  CC      sound/soc/soc-core.o
  CC      kernel/time.o
  CC      drivers/gpu/pvr/mutex.o
  CC      drivers/gpu/pvr/event.o
  LD      kernel/built-in.o
  LD      sound/sparc/built-in.o
  CC      drivers/gpu/pvr/osperproc.o
  LD      sound/spi/built-in.o
  LD      sound/synth/built-in.o
  MK_FW   firmware/samsung_mfc_fw.bin.gen.S
  IHEX    firmware/samsung_mfc_fw.bin
  AS      firmware/samsung_mfc_fw.bin.gen.o
  LD      firmware/built-in.o
  CC      sound/soc/soc-dapm.o
  CC      drivers/gpu/pvr/buffer_manager.o
  CC      fs/ext4/block_validity.o
  CC      fs/ext4/move_extent.o
  CC      drivers/gpu/pvr/devicemem.o
  CC      drivers/gpu/pvr/deviceclass.o
  CC      sound/soc/soc-jack.o
  CC      sound/soc/soc-cache.o
  CC      fs/ext4/mmp.o
  LD      drivers/gpu/stub/built-in.o
  LD      sound/usb/6fire/built-in.o
  LD      sound/usb/caiaq/built-in.o
  LD      sound/usb/misc/built-in.o
  CC      drivers/gpu/pvr/handle.o
  LD      sound/usb/usx2y/built-in.o
  LD      sound/usb/built-in.o
  CC      fs/fat/cache.o
  CC      sound/soc/soc-utils.o
  CC      fs/fat/dir.o
  LD      fs/ext4/ext4.o
  LD      fs/ext4/built-in.o
  CC      fs/fat/fatent.o
  LD      sound/soc/atmel/built-in.o
  LD      sound/soc/au1x/built-in.o
  LD      sound/soc/blackfin/built-in.o
  CC      sound/soc/codecs/wm8994_samsung.o
  CC      drivers/gpu/pvr/hash.o
sound/soc/codecs/wm8994_samsung.c: In function 'wm8994_init':
sound/soc/codecs/wm8994_samsung.c:2951: warning: label 'pcm_err' defined but not used
sound/soc/codecs/wm8994_samsung.c: At top level:
sound/soc/codecs/wm8994_samsung.c:752: warning: 'wm8994_set_bias_level' defined but not used
sound/soc/codecs/wm8994_samsung.c:1072: warning: 'wm8994_digital_mute' defined but not used
  CC      drivers/gpu/pvr/metrics.o
  CC      drivers/gpu/pvr/pvrsrv.o
  LD      sound/soc/davinci/built-in.o
  LD      drivers/gpu/vga/built-in.o
  CC      fs/fat/file.o
  CC      sound/soc/codecs/wm8994_herring.o
fs/fat/dir.c: In function 'fat_add_entries':
fs/fat/dir.c:43: warning: 'de' may be used uninitialized in this function
fs/fat/dir.c:1243: note: 'de' was declared here
  CC      drivers/gpu/pvr/queue.o
  CC      fs/fat/inode.o
  CC      fs/fat/misc.o
  CC      drivers/gpu/pvr/ra.o
  CC      arch/arm/oprofile/../../../drivers/oprofile/oprof.o
  LD      sound/soc/codecs/snd-soc-wm8994-samsung.o
  LD      sound/soc/codecs/built-in.o
  CC      arch/arm/oprofile/../../../drivers/oprofile/cpu_buffer.o
  LD      sound/soc/ep93xx/built-in.o
  LD      sound/soc/fsl/built-in.o
  LD      sound/soc/imx/built-in.o
  LD      sound/soc/jz4740/built-in.o
  LD      sound/soc/kirkwood/built-in.o
  LD      sound/soc/mid-x86/built-in.o
  LD      sound/soc/nuc900/built-in.o
  CC      drivers/gpu/pvr/resman.o
  LD      sound/soc/omap/built-in.o
  LD      sound/soc/pxa/built-in.o
  LD      sound/soc/s6000/built-in.o
  CC      fs/fat/namei_msdos.o
  CC      sound/soc/samsung/herring-wm8994.o
  CC      arch/arm/oprofile/../../../drivers/oprofile/buffer_sync.o
  CC      sound/soc/samsung/dma.o
  CC      drivers/gpu/pvr/power.o
  CC      fs/fat/namei_vfat.o
  CC      arch/arm/oprofile/../../../drivers/oprofile/event_buffer.o
  CC      drivers/gpu/pvr/mem.o
  CC      sound/soc/samsung/s3c-dma-wrapper.o
  CC      drivers/gpu/pvr/pdump_common.o
  CC      arch/arm/oprofile/../../../drivers/oprofile/oprofile_files.o
  CC      drivers/gpu/pvr/bridged_support.o
  CC      drivers/gpu/pvr/bridged_pvr_bridge.o
  CC      arch/arm/oprofile/../../../drivers/oprofile/oprofilefs.o
  LD      fs/fat/fat.o
  LD      fs/fat/vfat.o
  LD      fs/fat/msdos.o
  LD      fs/fat/built-in.o
  CC      fs/jbd2/transaction.o
  CC      sound/soc/samsung/s5pc1xx-i2s.o
  CC      arch/arm/oprofile/../../../drivers/oprofile/oprofile_stats.o
sound/soc/samsung/s5pc1xx-i2s.c: In function 's5p_i2sv5_register_dai':
sound/soc/samsung/s5pc1xx-i2s.c:916: warning: initialization discards qualifiers from pointer target type
  CC      arch/arm/oprofile/../../../drivers/oprofile/timer_int.o
  CC      sound/soc/samsung/s3c-idma.o
  CC      arch/arm/oprofile/common.o
  LD      arch/arm/oprofile/oprofile.o
  LD      arch/arm/oprofile/built-in.o
  CC      sound/last.o
  CC      fs/jbd2/commit.o
  CC      drivers/gpu/pvr/perproc.o
  CC      sound/soc/samsung/s5p-i2s_sec.o
  LD      sound/soc/samsung/snd-soc-herring-wm8994.o
  CC      fs/nls/nls_base.o
  CC      drivers/gpu/pvr/lists.o
  LD      sound/soc/samsung/snd-soc-s3c24xx.o
  LD      sound/soc/samsung/snd-soc-s5pc1xx-i2s.o
  LD      sound/soc/samsung/built-in.o
  LD      sound/soc/sh/built-in.o
  LD      sound/soc/tegra/built-in.o
  CC      fs/nls/nls_cp437.o
  LD      sound/soc/txx9/built-in.o
  LD      sound/soc/snd-soc-core.o
  LD      sound/soc/built-in.o
  CC      drivers/gpu/pvr/refcount.o
  LD      sound/soundcore.o
  CC      drivers/gpu/pvr/sgx/bridged_sgx_bridge.o
  LD      sound/built-in.o
  CC      fs/nls/nls_ascii.o
  CC      net/socket.o
  CC      fs/jbd2/recovery.o
  CC      fs/nls/nls_iso8859-1.o
  LD      fs/nls/built-in.o
  CC      fs/jbd2/checkpoint.o
  CC      drivers/gpu/pvr/sgx/sgxinit.o
  CC      drivers/gpu/pvr/sgx/sgxpower.o
  CC      fs/jbd2/revoke.o
  CC      fs/notify/fsnotify.o
  CC      drivers/gpu/pvr/sgx/sgxreset.o
  CC      drivers/gpu/pvr/sgx/sgxutils.o
  CC      fs/notify/notification.o
  CC      fs/jbd2/journal.o
  LD      net/802/built-in.o
  CC      drivers/gpu/pvr/sgx/sgxkick.o
  CC      net/bluetooth/af_bluetooth.o
  CC      fs/notify/group.o
  CC      drivers/gpu/pvr/sgx/sgxtransfer.o
  CC      fs/notify/inode_mark.o
  CC      drivers/gpu/pvr/sgx/mmu.o
  CC      net/bluetooth/hci_core.o
  CC      fs/notify/mark.o
  LD      fs/jbd2/jbd2.o
  LD      fs/jbd2/built-in.o
  CC      drivers/hid/hid-lg.o
  CC      drivers/gpu/pvr/sgx/pb.o
  CC      fs/notify/vfsmount_mark.o
  CC      drivers/gpu/pvr/s5pc110/sysconfig.o
  CC      drivers/hid/hid-lgff.o
  LD      fs/notify/dnotify/built-in.o
  LD      fs/notify/fanotify/built-in.o
  CC      fs/notify/inotify/inotify_fsnotify.o
  CC      drivers/hid/hid-lg2ff.o
  CC      drivers/gpu/pvr/s5pc110/sysutils.o
  CC      fs/notify/inotify/inotify_user.o
  CC      net/bluetooth/hci_conn.o
  CC      drivers/gpu/pvr/s3c_lcd/s3c_displayclass.o
  CC      drivers/hid/hid-lg3ff.o
  LD      fs/notify/inotify/built-in.o
  LD      fs/notify/built-in.o
  CC      fs/partitions/check.o
  CC      drivers/hid/hid-lg4ff.o
  CC      drivers/gpu/pvr/s3c_lcd/s3c_lcd.o
  CC      drivers/hid/hid-debug.o
  LD      drivers/gpu/pvr/pvrsrvkm.o
  LD      drivers/gpu/pvr/s3c_lcd.o
  CC      net/bluetooth/hci_event.o
  LD      drivers/gpu/pvr/built-in.o
  LD      drivers/gpu/built-in.o
  CC      fs/proc/mmu.o
  CC      fs/partitions/msdos.o
  CC      fs/proc/task_mmu.o
  CC      drivers/hid/hid-core.o
  CC      fs/partitions/efi.o
  CC      fs/proc/inode.o
  LD      fs/partitions/built-in.o
  CC      fs/proc/root.o
  CC      drivers/hid/hid-input.o
  CC      drivers/i2c/i2c-boardinfo.o
  CC      fs/proc/base.o
  CC      drivers/i2c/i2c-core.o
  CC      net/bluetooth/mgmt.o
  CC      fs/proc/generic.o
  CC      drivers/hid/hid-a4tech.o
  CC      drivers/hid/hid-axff.o
  CC      drivers/i2c/i2c-dev.o
  CC      fs/proc/array.o
  CC      drivers/hid/hid-apple.o
  CC      drivers/hid/hid-belkin.o
  CC      drivers/i2c/algos/i2c-algo-bit.o
  CC      fs/proc/proc_tty.o
  CC      drivers/hid/hid-cherry.o
  CC      fs/proc/cmdline.o
  CC      net/bluetooth/hci_sock.o
  CC      fs/proc/consoles.o
  CC      drivers/hid/hid-chicony.o
  LD      drivers/i2c/algos/built-in.o
  CC      drivers/i2c/busses/i2c-gpio.o
  CC      fs/proc/cpuinfo.o
  CC      drivers/hid/hid-cypress.o
  CC      fs/proc/devices.o
  CC      drivers/i2c/busses/i2c-s3c2410.o
  CC      fs/proc/interrupts.o
  CC      drivers/hid/hid-dr.o
  CC      net/bluetooth/hci_sysfs.o
  CC      fs/proc/loadavg.o
  LD      drivers/i2c/busses/built-in.o
  CC      drivers/hid/hid-emsff.o
  LD      drivers/i2c/muxes/built-in.o
  LD      drivers/i2c/built-in.o
  CC      net/core/sock.o
  CC      fs/proc/meminfo.o
  CC      drivers/hid/hid-elecom.o
  CC      fs/proc/stat.o
  CC      net/bluetooth/lib.o
  CC      drivers/hid/hid-ezkey.o
  CC      fs/proc/uptime.o
  CC      drivers/hid/hid-gyration.o
  CC      net/bluetooth/l2cap_core.o
  CC      fs/proc/version.o
  CC      drivers/hid/hid-kensington.o
  CC      fs/proc/softirqs.o
  CC      drivers/hid/hid-keytouch.o
  CC      fs/proc/namespaces.o
  CC      drivers/hid/hid-kye.o
  CC      net/core/request_sock.o
  CC      drivers/hid/hid-lcpower.o
  CC      fs/proc/proc_sysctl.o
  LD      drivers/hid/hid-logitech.o
  CC      drivers/hid/hid-magicmouse.o
  CC      net/core/skbuff.o
  CC      fs/proc/proc_net.o
  CC      drivers/hid/hid-microsoft.o
  CC      fs/proc/kmsg.o
  CC      drivers/hid/hid-monterey.o
  CC      fs/proc/page.o
  CC      drivers/hid/hid-multitouch.o
  LD      fs/proc/proc.o
  CC      drivers/hid/hid-ntrig.o
  LD      fs/proc/built-in.o
  LD      fs/quota/built-in.o
  CC      fs/ramfs/inode.o
  CC      net/bluetooth/l2cap_sock.o
  CC      net/core/iovec.o
  CC      fs/ramfs/file-mmu.o
  CC      drivers/hid/hid-ortek.o
  LD      fs/ramfs/ramfs.o
  LD      fs/ramfs/built-in.o
  CC      fs/romfs/storage.o
  CC      drivers/hid/hid-quanta.o
  CC      net/core/datagram.o
  CC      net/bluetooth/smp.o
  CC      fs/romfs/super.o
  CC      drivers/hid/hid-pl.o
  CC      drivers/hid/hid-petalynx.o
  LD      fs/romfs/romfs.o
  LD      fs/romfs/built-in.o
  CC      fs/sysfs/inode.o
  CC      net/core/stream.o
  CC      drivers/hid/hid-picolcd.o
  CC      net/bluetooth/sco.o
  CC      fs/sysfs/file.o
  CC      net/core/scm.o
  CC      fs/sysfs/dir.o
  CC      net/bluetooth/bnep/core.o
  CC      net/core/gen_stats.o
  CC      drivers/hid/hid-roccat.o
  CC      fs/sysfs/symlink.o
  CC      net/core/gen_estimator.o
  CC      drivers/hid/hid-roccat-common.o
  CC      net/bluetooth/bnep/sock.o
  CC      fs/sysfs/mount.o
  CC      drivers/hid/hid-roccat-arvo.o
  CC      net/core/net_namespace.o
  CC      fs/sysfs/bin.o
  CC      drivers/hid/hid-roccat-kone.o
  CC      net/bluetooth/bnep/netdev.o
  CC      net/core/secure_seq.o
  CC      fs/sysfs/group.o
  CC      net/core/sysctl_net_core.o
  CC      drivers/hid/hid-roccat-koneplus.o
  LD      net/bluetooth/bnep/bnep.o
  LD      net/bluetooth/bnep/built-in.o
  LD      fs/sysfs/built-in.o
  CC      net/bluetooth/hidp/core.o
  CC      fs/sysv/ialloc.o
  CC      net/core/dev.o
  CC      fs/sysv/balloc.o
  CC      drivers/hid/hid-roccat-kovaplus.o
  CC      fs/sysv/inode.o
  CC      drivers/hid/hid-roccat-pyra.o
  CC      net/bluetooth/hidp/sock.o
  CC      fs/sysv/itree.o
  CC      drivers/hid/hid-samsung.o
  LD      net/bluetooth/hidp/hidp.o
  LD      net/bluetooth/hidp/built-in.o
  CC      net/bluetooth/rfcomm/core.o
  CC      fs/sysv/file.o
  CC      drivers/hid/hid-sjoy.o
  CC      fs/sysv/dir.o
  CC      drivers/hid/hid-sony.o
  CC      fs/sysv/namei.o
  CC      drivers/hid/hid-sunplus.o
  CC      fs/sysv/super.o
  CC      drivers/hid/hid-gaff.o
  CC      net/bluetooth/rfcomm/sock.o
  CC      drivers/hid/hid-tmff.o
  CC      fs/sysv/symlink.o
  CC      net/core/ethtool.o
  LD      fs/sysv/sysv.o
  LD      fs/sysv/built-in.o
  CC      fs/yaffs2/yaffs_ecc.o
  CC      drivers/hid/hid-topseed.o
  CC      net/bluetooth/rfcomm/tty.o
  CC      fs/yaffs2/yaffs_vfs.o
  CC      drivers/hid/hid-twinhan.o
  CC      drivers/hid/hid-uclogic.o
  CC      drivers/hid/hid-zpff.o
  CC      net/core/dev_addr_lists.o
  CC      drivers/hid/hid-zydacron.o
  LD      net/bluetooth/rfcomm/rfcomm.o
  LD      net/bluetooth/rfcomm/built-in.o
  LD      net/bluetooth/bluetooth.o
  LD      net/bluetooth/built-in.o
  CC      fs/yaffs2/yaffs_guts.o
  CC      drivers/hid/hid-wacom.o
  CC      net/ethernet/eth.o
  CC      net/core/dst.o
  CC      drivers/hid/hid-waltop.o
  CC      drivers/hid/usbhid/hid-core.o
  LD      net/ethernet/built-in.o
  CC      drivers/hid/usbhid/hid-quirks.o
  CC      net/core/netevent.o
  CC      net/ipv4/route.o
  CC      net/core/neighbour.o
  LD      drivers/hid/usbhid/usbhid.o
  LD      drivers/hid/usbhid/built-in.o
  LD      drivers/hid/hid.o
  CC      fs/yaffs2/yaffs_checkptrw.o
  LD      drivers/hid/built-in.o
  LD      drivers/idle/built-in.o
  LD      drivers/ieee802154/built-in.o
  CC      drivers/input/input.o
  CC      fs/yaffs2/yaffs_packedtags1.o
  CC      fs/yaffs2/yaffs_packedtags2.o
  CC      net/ipv4/inetpeer.o
  CC      fs/yaffs2/yaffs_nand.o
  CC      net/core/rtnetlink.o
  CC      fs/yaffs2/yaffs_tagscompat.o
  CC      drivers/input/input-compat.o
  CC      net/ipv4/protocol.o
  CC      drivers/input/input-mt.o
  CC      fs/yaffs2/yaffs_tagsvalidity.o
  CC      drivers/input/ff-core.o
  CC      fs/yaffs2/yaffs_mtdif.o
  CC      net/ipv4/ip_input.o
  CC      fs/yaffs2/yaffs_mtdif1.o
  CC      drivers/input/ff-memless.o
  CC      fs/yaffs2/yaffs_mtdif2.o
  CC      net/core/utils.o
  CC      drivers/input/evdev.o
  CC      net/ipv4/ip_fragment.o
  CC      fs/yaffs2/yaffs_nameval.o
  CC      fs/yaffs2/yaffs_attribs.o
  CC      drivers/input/joystick/xpad.o
  CC      net/core/link_watch.o
  CC      fs/yaffs2/yaffs_allocator.o
  CC      net/ipv4/ip_forward.o
  CC      fs/yaffs2/yaffs_yaffs1.o
  LD      drivers/input/joystick/built-in.o
  CC      drivers/input/keyboard/cypress-touchkey-victory.o
  CC      net/core/filter.o
drivers/input/keyboard/cypress-touchkey-victory.c: In function 'cypress_touchkey_probe':
drivers/input/keyboard/cypress-touchkey-victory.c:522: warning: label 'err_backlight_on' defined but not used
drivers/input/keyboard/cypress-touchkey-victory.c: At top level:
drivers/input/keyboard/cypress-touchkey-victory.c:112: warning: 'i2c_touchkey_write_byte' defined but not used
  CC      fs/yaffs2/yaffs_yaffs2.o
  CC      net/ipv4/ip_options.o
  CC      drivers/input/keyboard/s3c-keypad.o
In file included from drivers/input/keyboard/s3c-keypad.c:42:
include/linux/kernel_sec_common.h:46:1: warning: "S3C_PA_WDT" redefined
In file included from arch/arm/mach-s5pv210/include/mach/regs-gpio.h:16,
                 from drivers/input/keyboard/s3c-keypad.c:30:
arch/arm/mach-s5pv210/include/mach/map.h:180:1: warning: this is the location of the previous definition
drivers/input/keyboard/s3c-keypad.c: In function 'keypad_scan':
drivers/input/keyboard/s3c-keypad.c:199: warning: suggest parentheses around '+' inside '<<'
drivers/input/keyboard/s3c-keypad.c:190: warning: unused variable 'gpio'
drivers/input/keyboard/s3c-keypad.c: In function 'keypad_timer_handler':
drivers/input/keyboard/s3c-keypad.c:230: warning: type defaults to 'int' in declaration of 'some_keys_pressed'
drivers/input/keyboard/s3c-keypad.c: In function 'key_led_control':
drivers/input/keyboard/s3c-keypad.c:480: warning: format '%d' expects type 'int *', but argument 3 has type 'unsigned char *'
drivers/input/keyboard/s3c-keypad.c: In function 's3c_keypad_probe':
drivers/input/keyboard/s3c-keypad.c:576: warning: unused variable 'gpio'
drivers/input/keyboard/s3c-keypad.c: In function 's3c_keypad_resume':
drivers/input/keyboard/s3c-keypad.c:822: warning: unused variable 'key_temp_data'
drivers/input/keyboard/s3c-keypad.c:821: warning: unused variable 'iDev'
  CC      net/core/flow.o
  LD      drivers/input/keyboard/built-in.o
  CC      drivers/input/misc/k3g.o
  CC      fs/yaffs2/yaffs_bitmap.o
  CC      net/ipv4/ip_output.o
  CC      net/core/net-sysfs.o
  CC      fs/yaffs2/yaffs_verify.o
  CC      drivers/input/misc/bma023.o
drivers/input/misc/bma023.c: In function 'bma023_measure':
drivers/input/misc/bma023.c:322: warning: unused variable 'filtered_data'
drivers/input/misc/bma023.c: At top level:
drivers/input/misc/bma023.c:873: warning: initialization from incompatible pointer type
drivers/input/misc/bma023.c:199: warning: 'filter_filter' defined but not used
  LD      fs/yaffs2/yaffs.o
  LD      fs/yaffs2/built-in.o
  CC      fs/eventpoll.o
  CC      drivers/input/misc/yas529.o
  CC      net/core/fib_rules.o
  CC      fs/anon_inodes.o
  CC      net/ipv4/ip_sockglue.o
  LD      net/core/built-in.o
  CC      fs/signalfd.o
  CC      drivers/input/misc/orientation.o
  CC      net/ipv4/inet_hashtables.o
  CC      drivers/input/misc/gpio_event.o
  CC      fs/timerfd.o
  CC      drivers/input/misc/gpio_matrix.o
  LD      arch/arm/lib/built-in.o
  AS      arch/arm/lib/ashldi3.o
  AS      arch/arm/lib/ashrdi3.o
  AS      arch/arm/lib/backtrace.o
  AS      arch/arm/lib/changebit.o
  AS      arch/arm/lib/clear_user.o
  AS      arch/arm/lib/clearbit.o
  AS      arch/arm/lib/copy_from_user.o
  CC      fs/eventfd.o
  AS      arch/arm/lib/copy_page.o
  AS      arch/arm/lib/copy_to_user.o
  AS      arch/arm/lib/csumipv6.o
  AS      arch/arm/lib/csumpartial.o
  AS      arch/arm/lib/csumpartialcopy.o
  AS      arch/arm/lib/csumpartialcopyuser.o
  AS      arch/arm/lib/delay.o
  CC      net/ipv4/inet_timewait_sock.o
  AS      arch/arm/lib/div64.o
  AS      arch/arm/lib/findbit.o
  CC      drivers/input/misc/gpio_input.o
  AS      arch/arm/lib/getuser.o
  AS      arch/arm/lib/io-readsb.o
  AS      arch/arm/lib/io-readsl.o
  AS      arch/arm/lib/io-readsw-armv4.o
  AS      arch/arm/lib/io-writesb.o
  AS      arch/arm/lib/io-writesl.o
  CC      fs/locks.o
  AS      arch/arm/lib/io-writesw-armv4.o
  AS      arch/arm/lib/lib1funcs.o
  AS      arch/arm/lib/lshrdi3.o
  AS      arch/arm/lib/memchr.o
  AS      arch/arm/lib/memcpy.o
  AS      arch/arm/lib/memmove.o
  AS      arch/arm/lib/memset.o
  AS      arch/arm/lib/memzero.o
  CC      drivers/input/misc/gpio_output.o
  AS      arch/arm/lib/muldi3.o
  AS      arch/arm/lib/putuser.o
  AS      arch/arm/lib/setbit.o
  AS      arch/arm/lib/sha1.o
  AS      arch/arm/lib/strchr.o
  AS      arch/arm/lib/strncpy_from_user.o
  AS      arch/arm/lib/strnlen_user.o
  CC      net/ipv4/inet_connection_sock.o
  AS      arch/arm/lib/strrchr.o
  AS      arch/arm/lib/testchangebit.o
  AS      arch/arm/lib/testclearbit.o
  CC      drivers/input/misc/gpio_axis.o
  AS      arch/arm/lib/testsetbit.o
  AS      arch/arm/lib/ucmpdi2.o
  AR      arch/arm/lib/lib.a
  CC      drivers/input/misc/keychord.o
  CC      drivers/input/serio/serio.o
  CC      drivers/input/misc/uinput.o
  CC      fs/binfmt_misc.o
  CC      net/ipv4/tcp.o
  CC      drivers/input/serio/serport.o
  CC      drivers/input/misc/gp2a.o
  CC      fs/binfmt_script.o
  CC      drivers/input/serio/libps2.o
  CC      fs/binfmt_elf.o
  LD      drivers/input/misc/built-in.o
  CC      drivers/input/tablet/acecad.o
  LD      drivers/input/serio/built-in.o
  CC      drivers/input/tablet/aiptek.o
net/ipv4/tcp.c: In function 'tcp_nuke_addr':
include/net/ipv6.h:338: warning: 'in6' may be used uninitialized in this function
net/ipv4/tcp.c:3357: note: 'in6' was declared here
  CC      net/ipv4/tcp_input.o
  CC      fs/posix_acl.o
  CC      drivers/input/tablet/gtco.o
  CC      drivers/input/tablet/hanwang.o
  CC      fs/xattr_acl.o
  CC      fs/generic_acl.o
  CC      fs/dcookies.o
  CC      drivers/input/tablet/kbtab.o
  CC      drivers/input/tablet/wacom_wac.o
  LD      fs/built-in.o
  CC      lib/bcd.o
  CC      lib/div64.o
  CC      lib/sort.o
  CC      drivers/leds/led-core.o
  CC      lib/parser.o
  CC      drivers/leds/led-class.o
  CC      drivers/input/tablet/wacom_sys.o
  CC      lib/halfmd4.o
  CC      drivers/leds/led-triggers.o
  CC      lib/debug_locks.o
  CC      lib/random32.o
  CC      drivers/leds/leds-gpio.o
  CC      lib/bust_spinlocks.o
  LD      drivers/input/tablet/wacom.o
  LD      drivers/input/tablet/built-in.o
  CC      drivers/input/touchscreen/qt602240.o
  CC      drivers/leds/ledtrig-timer.o
  CC      lib/hexdump.o
In file included from drivers/input/touchscreen/qt602240.c:25:
arch/arm/mach-s5pv210/include/mach/gpio-crespo.h:457:1: warning: "_3_GPIO_TOUCH_EN" redefined
arch/arm/mach-s5pv210/include/mach/gpio-crespo.h:425:1: warning: this is the location of the previous definition
arch/arm/mach-s5pv210/include/mach/gpio-crespo.h:458:1: warning: "_3_GPIO_TOUCH_EN_AF" redefined
arch/arm/mach-s5pv210/include/mach/gpio-crespo.h:426:1: warning: this is the location of the previous definition
  CC      drivers/leds/ledtrig-default-on.o
  CC      net/ipv4/tcp_output.o
drivers/input/touchscreen/qt602240.c:66: warning: initialization from incompatible pointer type
drivers/input/touchscreen/qt602240.c:2619: warning: 'struct i2c_ts_driver' declared inside parameter list
drivers/input/touchscreen/qt602240.c:2619: warning: its scope is only this definition or declaration, which is probably not what you want
drivers/input/touchscreen/qt602240.c: In function '_input_report_finger_info':
drivers/input/touchscreen/qt602240.c:2662: warning: format '%d' expects type 'int', but argument 2 has type 'long unsigned int'
drivers/input/touchscreen/qt602240.c:2662: warning: format '%d' expects type 'int', but argument 3 has type 'long unsigned int'
drivers/input/touchscreen/qt602240.c: In function 'get_message':
drivers/input/touchscreen/qt602240.c:2798: warning: passing argument 1 of '_input_report_finger_info' from incompatible pointer type
drivers/input/touchscreen/qt602240.c:2619: note: expected 'struct i2c_ts_driver *' but argument is of type 'struct qt602240_data *'
drivers/input/touchscreen/qt602240.c:2955: warning: passing argument 1 of '_input_report_finger_info' from incompatible pointer type
drivers/input/touchscreen/qt602240.c:2619: note: expected 'struct i2c_ts_driver *' but argument is of type 'struct qt602240_data *'
drivers/input/touchscreen/qt602240.c: In function 'qt602240_probe':
drivers/input/touchscreen/qt602240.c:3326: warning: assignment from incompatible pointer type
drivers/input/touchscreen/qt602240.c:3300: warning: unused variable 'key'
drivers/input/touchscreen/qt602240.c:3299: warning: unused variable 'err'
  CC      lib/kasprintf.o
  CC      drivers/leds/ledtrig-notification.o
  CC      lib/bitmap.o
drivers/leds/ledtrig-notification.c:29: warning: 'ledtrig_rtc_timer_wakelock' defined but not used
  LD      drivers/leds/built-in.o
  CC      drivers/level/level.o
In file included from drivers/level/level.c:10:
include/linux/kernel_sec_common.h:46:1: warning: "S3C_PA_WDT" redefined
In file included from include/linux/kernel_sec_common.h:7,
                 from drivers/level/level.c:10:
arch/arm/mach-s5pv210/include/mach/map.h:180:1: warning: this is the location of the previous definition
drivers/level/level.c:156: warning: initialization from incompatible pointer type
  LD      drivers/level/built-in.o
  LD      drivers/lguest/built-in.o
  LD      drivers/macintosh/built-in.o
  CC      drivers/md/dm-uevent.o
  CC      lib/scatterlist.o
drivers/input/touchscreen/qt602240.c: In function '_input_report_finger_info':
drivers/input/touchscreen/qt602240.c:2724: warning: 'scanCode' may be used uninitialized in this function
drivers/input/touchscreen/qt602240.c:2725: warning: 'action' may be used uninitialized in this function
  CC      drivers/md/dm.o
  CC      lib/string_helpers.o
  CC      lib/gcd.o
  CC      lib/lcm.o
  CC      net/ipv4/tcp_timer.o
  CC      lib/list_sort.o
  LD      drivers/input/touchscreen/built-in.o
  LD      drivers/input/input-core.o
  LD      drivers/input/built-in.o
  CC      lib/uuid.o
  CC      lib/flex_array.o
  CC      drivers/media/common/tuners/tuner-xc2028.o
  CC      lib/bsearch.o
  CC      lib/find_last_bit.o
  CC      lib/kstrtox.o
  CC      net/ipv4/tcp_ipv4.o
  CC      drivers/md/dm-table.o
  CC      lib/iomap_copy.o
  CC      lib/devres.o
  CC      drivers/media/common/tuners/tuner-simple.o
  CC      lib/hweight.o
  CC      lib/bitrev.o
  CC      drivers/md/dm-target.o
  CC      lib/crc-ccitt.o
  CC      lib/crc16.o
  HOSTCC  lib/gen_crc32table
  CC      drivers/md/dm-linear.o
  CC      lib/libcrc32c.o
  CC      drivers/media/common/tuners/tuner-types.o
  CC      lib/reed_solomon/reed_solomon.o
  CC      drivers/media/common/tuners/mt20xx.o
  CC      drivers/md/dm-stripe.o
  CC      net/ipv4/tcp_minisocks.o
  LD      lib/reed_solomon/built-in.o
  CC      lib/zlib_deflate/deflate.o
  CC      drivers/md/dm-ioctl.o
  CC      drivers/media/common/tuners/tda8290.o
  CC      net/ipv4/tcp_cong.o
  CC      lib/zlib_deflate/deftree.o
  CC      drivers/media/common/tuners/tea5767.o
  CC      net/ipv4/datagram.o
  CC      drivers/md/dm-io.o
  CC      lib/zlib_deflate/deflate_syms.o
  LD      lib/zlib_deflate/zlib_deflate.o
  LD      lib/zlib_deflate/built-in.o
  CC      lib/zlib_inflate/inffast.o
  CC      drivers/media/common/tuners/tea5761.o
  CC      lib/zlib_inflate/inflate.o
  CC      net/ipv4/raw.o
  CC      drivers/md/dm-kcopyd.o
  CC      drivers/media/common/tuners/tda9887.o
  CC      lib/zlib_inflate/infutil.o
  CC      lib/zlib_inflate/inftrees.o
  CC      drivers/media/common/tuners/tda827x.o
  CC      drivers/md/dm-sysfs.o
  CC      lib/zlib_inflate/inflate_syms.o
  CC      drivers/md/dm-crypt.o
  LD      lib/zlib_inflate/zlib_inflate.o
  LD      lib/zlib_inflate/built-in.o
  CC      lib/textsearch.o
  CC      net/ipv4/udp.o
  CC      drivers/media/common/tuners/tda18271-maps.o
  CC      lib/ts_kmp.o
  CC      lib/ts_bm.o
  CC      drivers/media/common/tuners/tda18271-common.o
  CC      lib/ts_fsm.o
  LD      drivers/md/dm-mod.o
  LD      drivers/md/built-in.o
  CC      lib/nlattr.o
  LD      drivers/media/radio/built-in.o
  CC      net/ipv4/udplite.o
  CC      drivers/media/common/tuners/tda18271-fe.o
  CC      lib/argv_split.o
  CC      lib/cmdline.o
  CC      drivers/media/common/tuners/xc5000.o
  CC      net/ipv4/arp.o
  CC      lib/ctype.o
  CC      lib/dec_and_lock.o
  CC      lib/decompress.o
  CC      lib/decompress_inflate.o
  CC      lib/dump_stack.o
  CC      lib/extable.o
  CC      drivers/media/common/tuners/mt2060.o
  CC      drivers/media/common/tuners/mt2266.o
  CC      lib/find_next_bit.o
  CC      lib/idr.o
  CC      net/ipv4/icmp.o
  CC      drivers/media/common/tuners/qt1010.o
  CC      drivers/media/rc/keymaps/rc-adstech-dvb-t-pci.o
  CC      drivers/media/rc/keymaps/rc-alink-dtu-m.o
  CC      lib/int_sqrt.o
  CC      drivers/media/rc/keymaps/rc-anysee.o
  CC      lib/ioremap.o
  CC      drivers/media/common/tuners/mt2131.o
  CC      drivers/media/rc/keymaps/rc-apac-viewcomp.o
  CC      lib/irq_regs.o
  CC      drivers/media/rc/keymaps/rc-asus-pc39.o
  CC      lib/is_single_threaded.o
  CC      net/ipv4/devinet.o
  CC      drivers/media/common/tuners/mxl5005s.o
  CC      drivers/media/rc/keymaps/rc-ati-tv-wonder-hd-600.o
  CC      lib/klist.o
  CC      drivers/media/rc/keymaps/rc-avermedia-a16d.o
  CC      drivers/media/rc/keymaps/rc-avermedia.o
  CC      lib/kobject.o
  CC      drivers/media/rc/keymaps/rc-avermedia-cardbus.o
  CC      drivers/media/rc/keymaps/rc-avermedia-dvbt.o
  CC      lib/kobject_uevent.o
  CC      drivers/media/rc/keymaps/rc-avermedia-m135a.o
  CC      drivers/media/rc/keymaps/rc-avermedia-m733a-rm-k6.o
  CC      drivers/media/rc/keymaps/rc-avermedia-rm-ks.o
  CC      net/ipv4/af_inet.o
  CC      lib/kref.o
  CC      drivers/media/rc/keymaps/rc-avertv-303.o
  CC      lib/md5.o
  CC      drivers/media/rc/keymaps/rc-azurewave-ad-tu700.o
  CC      drivers/media/rc/keymaps/rc-behold.o
  CC      lib/plist.o
  CC      lib/prio_heap.o
  CC      drivers/media/rc/keymaps/rc-behold-columbus.o
  CC      lib/prio_tree.o
  CC      drivers/media/rc/keymaps/rc-budget-ci-old.o
  CC      drivers/media/rc/keymaps/rc-cinergy-1400.o
  CC      lib/proportions.o
  CC      drivers/media/rc/keymaps/rc-cinergy.o
  CC      net/ipv4/igmp.o
  CC      lib/radix-tree.o
  CC      drivers/media/rc/keymaps/rc-dib0700-nec.o
  CC      drivers/media/rc/keymaps/rc-dib0700-rc5.o
  CC      drivers/media/rc/keymaps/rc-digitalnow-tinytwin.o
  CC      drivers/media/common/tuners/mxl5007t.o
  CC      lib/ratelimit.o
  CC      drivers/media/rc/keymaps/rc-digittrade.o
  CC      lib/rbtree.o
  CC      drivers/media/rc/keymaps/rc-dm1105-nec.o
  CC      drivers/media/rc/keymaps/rc-dntv-live-dvb-t.o
  CC      lib/reciprocal_div.o
  CC      lib/rwsem-spinlock.o
  CC      drivers/media/common/tuners/mc44s803.o
  CC      drivers/media/rc/keymaps/rc-dntv-live-dvbt-pro.o
  CC      drivers/media/rc/keymaps/rc-em-terratec.o
  CC      lib/sha1.o
  CC      drivers/media/rc/keymaps/rc-encore-enltv2.o
  CC      drivers/media/common/tuners/max2165.o
  CC      lib/show_mem.o
  CC      drivers/media/rc/keymaps/rc-encore-enltv.o
  CC      net/ipv4/fib_frontend.o
  CC      lib/string.o
  CC      drivers/media/rc/keymaps/rc-encore-enltv-fm53.o
  CC      drivers/media/common/tuners/tda18218.o
  CC      drivers/media/rc/keymaps/rc-evga-indtube.o
  CC      lib/timerqueue.o
  CC      drivers/media/rc/keymaps/rc-eztv.o
  CC      lib/vsprintf.o
  CC      drivers/media/rc/keymaps/rc-flydvb.o
  CC      drivers/media/common/tuners/tda18212.o
  CC      drivers/media/rc/keymaps/rc-flyvideo.o
  CC      drivers/media/rc/keymaps/rc-fusionhdtv-mce.o
  CC      net/ipv4/fib_semantics.o
  LD      drivers/media/common/tuners/tda18271.o
  LD      drivers/media/common/tuners/built-in.o
  CC      drivers/media/rc/keymaps/rc-gadmei-rm008z.o
  LD      drivers/media/common/built-in.o
  CC      drivers/media/rc/keymaps/rc-genius-tvgo-a11mce.o
  CC      drivers/media/rc/keymaps/rc-gotview7135.o
  GEN     lib/crc32table.h
  CC      drivers/mfd/mfd-core.o
  CC      drivers/media/rc/keymaps/rc-imon-mce.o
  CC      drivers/mfd/max8998.o
  CC      lib/crc32.o
  CC      drivers/media/rc/keymaps/rc-imon-pad.o
  AR      lib/lib.a
  LD      lib/built-in.o
  CC      net/ipv4/fib_trie.o
  CC      drivers/media/rc/keymaps/rc-iodata-bctv7e.o
  CC      drivers/media/video/v4l2-dev.o
  CC      drivers/mfd/max8998-irq.o
  CC      drivers/media/rc/keymaps/rc-kaiomy.o
  LD      drivers/mfd/built-in.o
  CC      drivers/media/rc/keymaps/rc-kworld-315u.o
  CC      net/ipv4/inet_fragment.o
  CC      drivers/media/rc/keymaps/rc-kworld-plus-tv-analog.o
  CC      drivers/media/video/v4l2-ioctl.o
  CC      drivers/media/rc/keymaps/rc-leadtek-y04g0051.o
  CC      drivers/media/rc/keymaps/rc-lirc.o
  CC      drivers/misc/uid_stat.o
  LD      drivers/misc/carma/built-in.o
  LD      drivers/misc/cb710/built-in.o
  LD      drivers/misc/eeprom/built-in.o
  LD      drivers/misc/lis3lv02d/built-in.o
  LD      drivers/misc/ti-st/built-in.o
  CC      drivers/media/rc/keymaps/rc-lme2510.o
  CC      drivers/misc/apanic.o
drivers/misc/apanic.c: In function 'apanic_proc_read':
drivers/misc/apanic.c:200: warning: assignment makes pointer from integer without a cast
  CC      drivers/media/rc/keymaps/rc-manli.o
  CC      net/ipv4/ping.o
  CC      drivers/media/rc/keymaps/rc-msi-digivox-ii.o
  CC      drivers/misc/pn544.o
  CC      drivers/media/rc/keymaps/rc-msi-digivox-iii.o
  CC      drivers/media/rc/keymaps/rc-msi-tvanywhere.o
  CC      drivers/misc/sec_jack.o
  CC      drivers/media/rc/keymaps/rc-msi-tvanywhere-plus.o
  CC      drivers/media/rc/keymaps/rc-nebula.o
  CC      net/ipv4/sysctl_net_ipv4.o
  CC      drivers/media/rc/keymaps/rc-nec-terratec-cinergy-xs.o
  CC      drivers/misc/fsa9480.o
  CC      drivers/media/video/v4l2-device.o
  CC      drivers/media/rc/keymaps/rc-norwood.o
  CC      drivers/media/rc/keymaps/rc-npgtech.o
  LD      drivers/misc/built-in.o
  CC      net/ipv4/sysfs_net_ipv4.o
  CC      drivers/media/video/v4l2-fh.o
  CC      drivers/media/video/v4l2-event.o
  CC      drivers/media/rc/keymaps/rc-pctv-sedna.o
  CC      drivers/media/rc/keymaps/rc-pinnacle-color.o
  CC      net/ipv4/proc.o
  CC      drivers/media/rc/keymaps/rc-pinnacle-grey.o
  CC      drivers/media/video/v4l2-ctrls.o
  CC      drivers/media/rc/keymaps/rc-pinnacle-pctv-hd.o
  CC      drivers/media/rc/rc-main.o
  CC      drivers/media/rc/keymaps/rc-pixelview.o
  CC      drivers/media/rc/keymaps/rc-pixelview-mk12.o
  CC      net/ipv4/fib_rules.o
  CC      drivers/media/rc/keymaps/rc-pixelview-002t.o
  CC      drivers/media/rc/keymaps/rc-pixelview-new.o
  CC      drivers/media/rc/keymaps/rc-powercolor-real-angel.o
  CC      drivers/media/video/v4l2-subdev.o
  CC      drivers/media/video/v4l2-int-device.o
  CC      drivers/media/rc/keymaps/rc-proteus-2309.o
  CC      net/ipv4/esp4.o
  CC      drivers/media/rc/keymaps/rc-purpletv.o
  CC      drivers/media/video/v4l2-common.o
  CC      drivers/media/rc/ir-raw.o
  CC      drivers/media/rc/keymaps/rc-pv951.o
  CC      drivers/media/rc/keymaps/rc-hauppauge.o
  CC      drivers/media/video/ce147-victory.o
  CC      drivers/media/rc/lirc_dev.o
  CC      drivers/media/rc/keymaps/rc-rc6-mce.o
  CC      net/ipv4/tunnel4.o
drivers/media/video/ce147-victory.c: In function 'ce147_set_preflash':
drivers/media/video/ce147-victory.c:2778: warning: unused variable 'ce147_len_set_flash_manual'
drivers/media/video/ce147-victory.c:2777: warning: unused variable 'ce147_buf_set_flash_manual'
drivers/media/video/ce147-victory.c:2774: warning: unused variable 'ce147_len_set_preflash_manual'
drivers/media/video/ce147-victory.c:2773: warning: unused variable 'ce147_buf_set_preflash_manual'
  CC      drivers/media/rc/keymaps/rc-real-audio-220-32-keys.o
drivers/media/video/ce147-victory.c: In function 'ce147_ctrl_get_menu':
drivers/media/video/ce147-victory.c:4443: warning: return discards qualifiers from pointer target type
drivers/media/video/ce147-victory.c: In function 'camtype_show':
drivers/media/video/ce147-victory.c:5419: warning: ISO C90 forbids mixed declarations and code
drivers/media/video/ce147-victory.c: At top level:
drivers/media/video/ce147-victory.c:5508: warning: initialization from incompatible pointer type
drivers/media/video/ce147-victory.c: In function 'ce147_remove':
drivers/media/video/ce147-victory.c:5597: warning: unused variable 'state'
  CC      drivers/media/rc/keymaps/rc-streamzap.o
  CC      drivers/media/rc/keymaps/rc-tbs-nec.o
  CC      drivers/media/video/s5ka3dfx.o
  CC      net/ipv4/xfrm4_mode_transport.o
  CC      drivers/media/rc/keymaps/rc-technisat-usb2.o
  CC      drivers/media/rc/keymaps/rc-terratec-cinergy-xs.o
  CC      drivers/media/rc/keymaps/rc-terratec-slim.o
  CC      net/ipv6/af_inet6.o
  CC      net/ipv4/xfrm4_mode_tunnel.o
  CC      drivers/media/rc/keymaps/rc-terratec-slim-2.o
  CC      drivers/media/rc/keymaps/rc-tevii-nec.o
  LD      drivers/media/video/davinci/built-in.o
  CC      drivers/media/video/gspca/gspca.o
  CC      drivers/media/rc/keymaps/rc-tivo.o
  CC      net/ipv4/netfilter.o
  CC      drivers/media/rc/keymaps/rc-total-media-in-hand.o
  CC      drivers/media/rc/keymaps/rc-trekstor.o
  CC      net/ipv6/anycast.o
  CC      drivers/media/rc/keymaps/rc-tt-1500.o
  CC      net/ipv4/netfilter/nf_nat_rule.o
  CC      drivers/media/rc/keymaps/rc-twinhan1027.o
  CC      drivers/media/rc/keymaps/rc-videomate-m1f.o
  LD      drivers/media/video/gspca/gspca_main.o
  LD      drivers/media/video/gspca/built-in.o
  CC      drivers/media/video/samsung/fimc/fimc_dev.o
  CC      net/ipv4/netfilter/nf_nat_standalone.o
  CC      net/ipv6/ip6_output.o
  CC      drivers/media/rc/keymaps/rc-videomate-s350.o
  CC      drivers/media/rc/keymaps/rc-videomate-tv-pvr.o
  CC      drivers/media/rc/keymaps/rc-winfast.o
  CC      net/ipv4/netfilter/nf_conntrack_l3proto_ipv4_compat.o
  CC      drivers/media/rc/keymaps/rc-winfast-usbii-deluxe.o
  LD      drivers/media/rc/keymaps/built-in.o
  CC      drivers/media/video/samsung/fimc/fimc_v4l2.o
  CC      drivers/media/rc/ir-nec-decoder.o
  CC      net/ipv4/netfilter/nf_conntrack_l3proto_ipv4.o
  CC      drivers/media/rc/ir-rc5-decoder.o
  CC      drivers/media/video/samsung/fimc/fimc_capture.o
  CC      drivers/media/rc/ir-rc6-decoder.o
drivers/media/video/samsung/fimc/fimc_capture.c: In function 'fimc_streamon_capture':
drivers/media/video/samsung/fimc/fimc_capture.c:1555: warning: ISO C90 forbids mixed declarations and code
  CC      net/ipv4/netfilter/nf_conntrack_proto_icmp.o
  CC      net/ipv6/ip6_input.o
  CC      drivers/media/rc/ir-jvc-decoder.o
  CC      net/ipv4/netfilter/nf_nat_core.o
  CC      drivers/media/video/samsung/fimc/fimc_output.o
  CC      drivers/media/rc/ir-sony-decoder.o
  CC      net/ipv6/addrconf.o
  CC      drivers/media/rc/ir-rc5-sz-decoder.o
  CC      net/ipv4/netfilter/nf_nat_helper.o
  CC      drivers/media/rc/ir-lirc-codec.o
  LD      drivers/media/rc/rc-core.o
  LD      drivers/media/rc/built-in.o
  CC      net/ipv6/addrlabel.o
  CC      net/ipv4/netfilter/nf_nat_proto_unknown.o
  CC      drivers/media/video/samsung/fimc/fimc_overlay.o
  CC      net/ipv4/netfilter/nf_nat_proto_common.o
  CC      drivers/media/video/samsung/fimc/fimc_regs.o
  CC      drivers/media/video/samsung/jpeg_v2/jpg_mem.o
  CC      net/ipv4/netfilter/nf_nat_proto_tcp.o
  CC      drivers/media/video/samsung/jpeg_v2/jpg_misc.o
  CC      drivers/media/video/samsung/jpeg_v2/jpg_opr.o
  CC      net/ipv6/route.o
  CC      drivers/media/video/samsung/jpeg_v2/s3c-jpeg.o
  CC      net/ipv4/netfilter/nf_nat_proto_udp.o
  LD      drivers/media/video/samsung/fimc/built-in.o
  CC      net/key/af_key.o
  LD      drivers/media/video/samsung/jpeg_v2/built-in.o
  CC      drivers/media/video/samsung/mfc50/mfc.o
  CC      net/ipv4/netfilter/nf_nat_proto_icmp.o
drivers/media/video/samsung/mfc50/mfc.c: In function 'mfc_probe':
drivers/media/video/samsung/mfc50/mfc.c:680: warning: passing argument 2 of '__release_region' makes integer from pointer without a cast
include/linux/ioport.h:167: note: expected 'resource_size_t' but argument is of type 'struct resource *'
  CC      net/ipv4/netfilter/nf_defrag_ipv4.o
  CC      drivers/media/video/samsung/mfc50/mfc_buffer_manager.o
  CC      net/ipv4/netfilter/nf_nat_amanda.o
  CC      drivers/media/video/samsung/mfc50/mfc_intr.o
  CC      net/ipv6/ip6_fib.o
  CC      drivers/media/video/samsung/mfc50/mfc_memory.o
  CC      net/ipv4/netfilter/nf_nat_ftp.o
  CC      drivers/media/video/samsung/mfc50/mfc_opr.o
  CC      net/ipv4/netfilter/nf_nat_h323.o
  LD      net/key/built-in.o
  CC      net/netfilter/core.o
  CC      net/ipv6/ipv6_sockglue.o
  CC      drivers/media/video/samsung/mfc50/mfc_shared_mem.o
  CC      net/netfilter/nf_log.o
  CC      net/ipv4/netfilter/nf_nat_irc.o
  LD      drivers/media/video/samsung/mfc50/built-in.o
  LD      drivers/media/video/samsung/built-in.o
  CC      drivers/media/video/ir-kbd-i2c.o
  CC      net/netfilter/nf_queue.o
  CC      net/ipv6/ndisc.o
  LD      drivers/media/video/videodev.o
  CC      net/ipv4/netfilter/nf_nat_pptp.o
  LD      drivers/media/video/built-in.o
  LD      drivers/media/built-in.o
  CC      drivers/mmc/card/block.o
  CC      net/netfilter/nf_sockopt.o
  CC      net/ipv4/netfilter/nf_nat_tftp.o
  CC      net/ipv4/netfilter/nf_nat_proto_dccp.o
  CC      net/netfilter/nf_conntrack_core.o
  CC      drivers/mmc/card/queue.o
  CC      net/ipv6/udp.o
  CC      net/ipv4/netfilter/nf_nat_proto_gre.o
  LD      drivers/mmc/card/mmc_block.o
  LD      drivers/mmc/card/built-in.o
  CC      drivers/mmc/core/core.o
  CC      net/ipv4/netfilter/nf_nat_proto_udplite.o
  CC      net/netfilter/nf_conntrack_standalone.o
  CC      drivers/mmc/core/bus.o
  CC      net/ipv4/netfilter/nf_nat_proto_sctp.o
  CC      net/ipv6/udplite.o
  CC      drivers/mmc/core/host.o
  CC      net/netfilter/nf_conntrack_expect.o
  CC      net/ipv4/netfilter/ip_tables.o
  CC      net/ipv6/raw.o
  CC      drivers/mmc/core/mmc.o
  CC      net/netfilter/nf_conntrack_helper.o
  CC      drivers/mmc/core/mmc_ops.o
  CC      net/ipv4/netfilter/iptable_filter.o
  CC      net/ipv6/protocol.o
  CC      net/netfilter/nf_conntrack_proto.o
  CC      drivers/mmc/core/sd.o
  CC      net/ipv4/netfilter/iptable_mangle.o
  CC      net/ipv6/icmp.o
  CC      net/netfilter/nf_conntrack_l3proto_generic.o
  LD      net/ipv4/netfilter/iptable_nat.o
  CC      net/ipv4/netfilter/iptable_raw.o
  CC      drivers/mmc/core/sd_ops.o
  CC      net/netfilter/nf_conntrack_proto_generic.o
  CC      net/ipv4/netfilter/ipt_ah.o
  CC      drivers/mmc/core/sdio.o
  CC      net/ipv6/mcast.o
  CC      net/netfilter/nf_conntrack_proto_tcp.o
  CC      net/ipv4/netfilter/ipt_ecn.o
  CC      drivers/mmc/core/sdio_ops.o
  CC      drivers/mmc/core/sdio_bus.o
  CC      net/ipv4/netfilter/ipt_LOG.o
  CC      net/netfilter/nf_conntrack_proto_udp.o
  CC      drivers/mmc/core/sdio_cis.o
In file included from net/ipv4/netfilter/ipt_LOG.c:27:
include/net/netfilter/xt_log.h: In function 'sb_close':
include/net/netfilter/xt_log.h:50: warning: value computed is not used
  CC      drivers/mmc/core/sdio_io.o
  CC      net/ipv4/netfilter/ipt_MASQUERADE.o
  CC      net/netfilter/nf_conntrack_extend.o
  CC      drivers/mmc/core/sdio_irq.o
  CC      net/ipv6/reassembly.o
  CC      net/netfilter/nf_conntrack_acct.o
  CC      net/ipv4/netfilter/ipt_NETMAP.o
  CC      drivers/mmc/core/quirks.o
  CC      drivers/mmc/core/debugfs.o
  CC      net/netfilter/nf_conntrack_ecache.o
  CC      net/ipv4/netfilter/ipt_REDIRECT.o
  LD      drivers/mmc/core/mmc_core.o
  LD      drivers/mmc/core/built-in.o
  CC      drivers/mmc/host/sdhci.o
  CC      net/netfilter/nf_conntrack_h323_main.o
  CC      net/ipv6/tcp_ipv6.o
  CC      net/ipv4/netfilter/ipt_REJECT.o
drivers/mmc/host/sdhci.c: In function 'sdhci_adjust_cfg':
drivers/mmc/host/sdhci.c:1850: warning: unused variable 'clock'
drivers/mmc/host/sdhci.c:1849: warning: unused variable 'ios'
  CC      net/ipv4/netfilter/arp_tables.o
  CC      net/netfilter/nf_conntrack_h323_asn1.o
  CC      drivers/mmc/host/sdhci-s3c.o
  CC      net/netfilter/nfnetlink.o
  CC      net/ipv6/exthdrs.o
  CC      net/ipv4/netfilter/arpt_mangle.o
  CC      net/netfilter/nfnetlink_queue.o
  LD      drivers/mmc/host/built-in.o
  LD      drivers/mmc/built-in.o
  CC      drivers/mtd/mtdcore.o
  CC      net/ipv6/datagram.o
  CC      net/ipv4/netfilter/arptable_filter.o
  CC      net/netfilter/nfnetlink_log.o
  CC      drivers/mtd/mtdsuper.o
  LD      net/ipv4/netfilter/nf_conntrack_ipv4.o
  LD      net/ipv4/netfilter/nf_nat.o
  LD      net/ipv4/netfilter/built-in.o
  CC      drivers/mtd/mtdconcat.o
  CC      net/ipv4/inet_diag.o
  CC      net/ipv6/ip6_flowlabel.o
  LD      net/netfilter/nf_conntrack.o
  CC      net/netfilter/nf_conntrack_proto_dccp.o
  CC      drivers/mtd/mtdpart.o
  CC      net/ipv4/tcp_diag.o
  CC      net/netfilter/nf_conntrack_proto_gre.o
  CC      net/ipv6/inet6_connection_sock.o
  CC      net/ipv4/tcp_cubic.o
  CC      drivers/mtd/mtdchar.o
  CC      net/netfilter/nf_conntrack_proto_sctp.o
  CC      net/ipv6/sysctl_net_ipv6.o
  CC      net/ipv4/xfrm4_policy.o
  CC      drivers/mtd/mtd_blkdevs.o
  CC      net/ipv6/xfrm6_policy.o
  CC      net/netfilter/nf_conntrack_proto_udplite.o
  CC      net/ipv4/xfrm4_state.o
  CC      drivers/mtd/mtdblock.o
  CC      net/ipv6/xfrm6_state.o
  CC      net/netfilter/nf_conntrack_netlink.o
  CC      drivers/mtd/chips/chipreg.o
  LD      drivers/mtd/chips/built-in.o
  LD      drivers/mtd/devices/built-in.o
  CC      net/ipv4/xfrm4_input.o
  LD      drivers/mtd/lpddr/built-in.o
  LD      drivers/mtd/maps/built-in.o
  LD      drivers/mtd/nand/built-in.o
  CC      drivers/mtd/onenand/samsung_audi.o
  CC      net/ipv6/xfrm6_input.o
  CC      net/ipv4/xfrm4_output.o
  CC      net/ipv6/xfrm6_output.o
  LD      net/ipv4/built-in.o
  CC      net/netfilter/nf_conntrack_amanda.o
  CC      net/netlink/af_netlink.o
  CC      net/ipv6/netfilter.o
  CC      drivers/mtd/onenand/onenand_bbt.o
  CC      net/netfilter/nf_conntrack_ftp.o
  LD      drivers/mtd/onenand/onenand.o
  LD      drivers/mtd/onenand/built-in.o
  CC      net/ipv6/fib6_rules.o
  LD      drivers/mtd/tests/built-in.o
  LD      drivers/mtd/mtd.o
  LD      drivers/mtd/built-in.o
  CC      drivers/net/Space.o
  LD      net/netfilter/nf_conntrack_h323.o
  CC      net/netfilter/nf_conntrack_irc.o
  CC      drivers/net/loopback.o
  CC      net/ipv6/proc.o
  CC      net/netlink/genetlink.o
  CC      drivers/net/ppp_generic.o
  CC      net/netfilter/nf_conntrack_broadcast.o
  CC      net/ipv6/ah6.o
  LD      net/netlink/built-in.o
  CC      net/ipv6/esp6.o
  CC      net/ipv6/ipcomp6.o
  CC      net/netfilter/nf_conntrack_netbios_ns.o
  CC      net/netfilter/nf_conntrack_pptp.o
  CC      net/ipv6/xfrm6_tunnel.o
  CC      drivers/net/ppp_async.o
  CC      net/ipv6/tunnel6.o
  CC      net/netfilter/nf_conntrack_sane.o
  CC      net/netfilter/nf_conntrack_tftp.o
  CC      drivers/net/ppp_synctty.o
  CC      net/ipv6/xfrm6_mode_transport.o
  CC      net/ipv6/xfrm6_mode_tunnel.o
  CC      net/netfilter/nf_tproxy_core.o
  CC      net/ipv6/xfrm6_mode_beet.o
  CC      drivers/net/ppp_deflate.o
  CC      net/netfilter/x_tables.o
  CC      drivers/net/bsd_comp.o
  CC      drivers/net/ppp_mppe.o
  CC      net/ipv6/mip6.o
  LD      drivers/nfc/built-in.o
  CC      drivers/onedram/dpram/dpram.o
  CC      drivers/net/pppox.o
In file included from drivers/onedram/dpram/dpram.c:33:
arch/arm/mach-s5pv210/include/mach/gpio-crespo.h:457:1: warning: "_3_GPIO_TOUCH_EN" redefined
arch/arm/mach-s5pv210/include/mach/gpio-crespo.h:425:1: warning: this is the location of the previous definition
arch/arm/mach-s5pv210/include/mach/gpio-crespo.h:458:1: warning: "_3_GPIO_TOUCH_EN_AF" redefined
arch/arm/mach-s5pv210/include/mach/gpio-crespo.h:426:1: warning: this is the location of the previous definition
In file included from drivers/onedram/dpram/dpram.c:41:
include/linux/kernel_sec_common.h:46:1: warning: "S3C_PA_WDT" redefined
In file included from arch/arm/mach-s5pv210/include/mach/regs-gpio.h:16,
                 from drivers/onedram/dpram/dpram.c:32:
arch/arm/mach-s5pv210/include/mach/map.h:180:1: warning: this is the location of the previous definition
drivers/onedram/dpram/dpram.c:52:1: warning: "GPIO_AP_RXD" redefined
In file included from drivers/onedram/dpram/dpram.c:33:
arch/arm/mach-s5pv210/include/mach/gpio-crespo.h:34:1: warning: this is the location of the previous definition
drivers/onedram/dpram/dpram.c:53:1: warning: "GPIO_AP_RXD_AF" redefined
arch/arm/mach-s5pv210/include/mach/gpio-crespo.h:35:1: warning: this is the location of the previous definition
drivers/onedram/dpram/dpram.c:55:1: warning: "GPIO_AP_TXD" redefined
arch/arm/mach-s5pv210/include/mach/gpio-crespo.h:37:1: warning: this is the location of the previous definition
drivers/onedram/dpram/dpram.c:56:1: warning: "GPIO_AP_TXD_AF" redefined
arch/arm/mach-s5pv210/include/mach/gpio-crespo.h:38:1: warning: this is the location of the previous definition
drivers/onedram/dpram/dpram.c:69:1: warning: "GPIO_PHONE_ACTIVE_AF" redefined
arch/arm/mach-s5pv210/include/mach/gpio-crespo.h:337:1: warning: this is the location of the previous definition
  CC      net/netfilter/xt_tcpudp.o
drivers/onedram/dpram/dpram.c:239: warning: function declaration isn't a prototype
drivers/onedram/dpram/dpram.c: In function 'dpram_write':
drivers/onedram/dpram/dpram.c:492: warning: unused variable 'flags'
drivers/onedram/dpram/dpram.c: In function 'dpram_read_raw':
drivers/onedram/dpram/dpram.c:755: warning: format '%x' expects type 'unsigned int', but argument 2 has type 'long unsigned int'
drivers/onedram/dpram/dpram.c:756: warning: format '%x' expects type 'unsigned int', but argument 2 has type 'long unsigned int'
drivers/onedram/dpram/dpram.c:793: warning: passing argument 1 of 'check_pdp_table' discards qualifiers from pointer target type
drivers/onedram/dpram/dpram.c:158: note: expected 'char *' but argument is of type 'const char *'
drivers/onedram/dpram/dpram.c:820: warning: format '%x' expects type 'unsigned int', but argument 2 has type 'long unsigned int'
drivers/onedram/dpram/dpram.c:821: warning: format '%x' expects type 'unsigned int', but argument 2 has type 'long unsigned int'
drivers/onedram/dpram/dpram.c:835: warning: format '%x' expects type 'unsigned int', but argument 2 has type 'long unsigned int'
drivers/onedram/dpram/dpram.c:836: warning: format '%x' expects type 'unsigned int', but argument 2 has type 'long unsigned int'
drivers/onedram/dpram/dpram.c:714: warning: unused variable 'i'
drivers/onedram/dpram/dpram.c:711: warning: unused variable 'pre_hdr_size'
drivers/onedram/dpram/dpram.c:700: warning: unused variable 'retval_add'
drivers/onedram/dpram/dpram.c: At top level:
drivers/onedram/dpram/dpram.c:873: warning: function declaration isn't a prototype
drivers/onedram/dpram/dpram.c: In function 'dpram_init_and_report':
drivers/onedram/dpram/dpram.c:1093: warning: unused variable 'init_start'
drivers/onedram/dpram/dpram.c: In function 'dpram_nvdata_load':
drivers/onedram/dpram/dpram.c:1235: warning: format '%08x' expects type 'unsigned int', but argument 2 has type 'unsigned char *'
drivers/onedram/dpram/dpram.c:1253: warning: ignoring return value of 'copy_from_user', declared with attribute warn_unused_result
drivers/onedram/dpram/dpram.c: In function 'dpram_nvpacket_data_read':
drivers/onedram/dpram/dpram.c:1266: warning: unused variable 'val'
drivers/onedram/dpram/dpram.c:1276: warning: ignoring return value of 'copy_to_user', declared with attribute warn_unused_result
drivers/onedram/dpram/dpram.c:1284: warning: ignoring return value of 'copy_to_user', declared with attribute warn_unused_result
drivers/onedram/dpram/dpram.c:1296: warning: ignoring return value of 'copy_to_user', declared with attribute warn_unused_result
drivers/onedram/dpram/dpram.c:1317: warning: ignoring return value of 'copy_to_user', declared with attribute warn_unused_result
drivers/onedram/dpram/dpram.c:1318: warning: ignoring return value of 'copy_to_user', declared with attribute warn_unused_result
drivers/onedram/dpram/dpram.c:1325: warning: ignoring return value of 'copy_to_user', declared with attribute warn_unused_result
drivers/onedram/dpram/dpram.c:1334: warning: ignoring return value of 'copy_to_user', declared with attribute warn_unused_result
drivers/onedram/dpram/dpram.c: In function 'dpram_tty_ioctl':
drivers/onedram/dpram/dpram.c:2132: warning: ISO C90 forbids mixed declarations and code
drivers/onedram/dpram/dpram.c: In function 'cmd_smp_rep_handler':
drivers/onedram/dpram/dpram.c:2404: warning: ISO C90 forbids mixed declarations and code
drivers/onedram/dpram/dpram.c: At top level:
drivers/onedram/dpram/dpram.c:2474: warning: function declaration isn't a prototype
drivers/onedram/dpram/dpram.c: In function 'kernel_sec_dump_cp_handle2':
drivers/onedram/dpram/dpram.c:2700: warning: no return statement in function returning non-void
drivers/onedram/dpram/dpram.c: At top level:
drivers/onedram/dpram/dpram.c:2821: warning: initialization from incompatible pointer type
drivers/onedram/dpram/dpram.c:2980: warning: initialization from incompatible pointer type
drivers/onedram/dpram/dpram.c: In function 'check_pdp_table':
drivers/onedram/dpram/dpram.c:3061: warning: format '%x' expects type 'unsigned int', but argument 4 has type 'struct pdp_info *'
drivers/onedram/dpram/dpram.c: At top level:
drivers/onedram/dpram/dpram.c:3308: warning: 'struct platform_Device' declared inside parameter list
drivers/onedram/dpram/dpram.c:3308: warning: its scope is only this definition or declaration, which is probably not what you want
drivers/onedram/dpram/dpram.c:3409: warning: initialization from incompatible pointer type
drivers/onedram/dpram/dpram.c:243: warning: 'boot_complete' defined but not used
drivers/onedram/dpram/dpram.c:1363: warning: 'dpram_phone_just_power_on' defined but not used
drivers/onedram/dpram/dpram.c:2393: warning: 'cmd_smp_req_handler' defined but not used
  CC      drivers/net/pppolac.o
  CC      net/ipv6/netfilter/ip6_tables.o
  CC      net/netfilter/xt_mark.o
  CC      drivers/net/pppopns.o
  CC      net/netfilter/xt_connmark.o
  CC      drivers/net/slhc.o
  CC      net/ipv6/netfilter/ip6table_filter.o
  CC      net/netfilter/xt_CLASSIFY.o
  CC      net/netfilter/xt_NFLOG.o
  CC      net/ipv6/netfilter/ip6table_mangle.o
  CC      drivers/net/ifb.o
  CC      net/netfilter/xt_NFQUEUE.o
  CC      net/ipv6/netfilter/ip6table_raw.o
  CC      drivers/net/tun.o
  CC      net/netfilter/xt_TPROXY.o
  CC      net/ipv6/netfilter/nf_conntrack_l3proto_ipv6.o
  LD      drivers/onedram/built-in.o
  CC      drivers/param/param.o
  LD      drivers/param/built-in.o
  LD      drivers/platform/built-in.o
  CC      net/packet/af_packet.o
  CC      net/netfilter/xt_TRACE.o
  CC      net/ipv6/netfilter/nf_conntrack_proto_icmpv6.o
  CC      net/netfilter/xt_comment.o
  LD      drivers/net/arm/built-in.o
  LD      drivers/net/wireless/built-in.o
  LD      drivers/net/wireless/bcm4329/built-in.o
  CC [M]  drivers/net/wireless/bcm4329/dhd_linux.o
  CC      net/netfilter/xt_connbytes.o
  CC      net/ipv6/netfilter/nf_defrag_ipv6_hooks.o
  CC      net/netfilter/xt_connlimit.o
  CC      net/ipv6/netfilter/nf_conntrack_reasm.o
  LD      net/packet/built-in.o
  CC      drivers/power/power_supply_core.o
  CC      drivers/power/power_supply_sysfs.o
  CC      net/netfilter/xt_conntrack.o
  CC      net/ipv6/netfilter/ip6t_LOG.o
  CC      drivers/power/power_supply_leds.o
  CC      drivers/power/max17040_battery.o
drivers/power/max17040_battery.c:91: warning: 'max17040_write_reg' defined but not used
In file included from net/ipv6/netfilter/ip6t_LOG.c:26:
include/net/netfilter/xt_log.h: In function 'sb_close':
include/net/netfilter/xt_log.h:50: warning: value computed is not used
  CC [M]  drivers/net/wireless/bcm4329/linux_osl.o
  CC      net/netfilter/xt_hashlimit.o
  CC      drivers/power/s5pc110_battery.o
  CC      net/ipv6/netfilter/ip6t_REJECT.o
  LD      drivers/power/power_supply.o
  LD      drivers/power/built-in.o
  CC [M]  drivers/net/wireless/bcm4329/bcmutils.o
  CC      net/phonet/pn_dev.o
  LD      net/ipv6/netfilter/nf_conntrack_ipv6.o
  LD      net/ipv6/netfilter/nf_defrag_ipv6.o
  LD      net/ipv6/netfilter/built-in.o
  CC      net/netfilter/xt_helper.o
  CC      net/ipv6/sit.o
  CC      net/netfilter/xt_hl.o
  CC      net/phonet/pn_netlink.o
  CC [M]  drivers/net/wireless/bcm4329/dhd_common.o
  CC      net/netfilter/xt_iprange.o
  CC      net/phonet/socket.o
  CC      net/ipv6/ip6_tunnel.o
  CC      net/netfilter/xt_length.o
  CC [M]  drivers/net/wireless/bcm4329/dhd_custom_gpio.o
  CC      net/netfilter/xt_limit.o
  CC      net/phonet/datagram.o
  CC [M]  drivers/net/wireless/bcm4329/wl_iw.o
  CC      net/ipv6/addrconf_core.o
  CC      net/netfilter/xt_mac.o
  CC      net/phonet/sysctl.o
  CC      net/netfilter/xt_pkttype.o
  CC      net/phonet/af_phonet.o
  CC      net/ipv6/exthdrs_core.o
  CC      net/netfilter/xt_policy.o
  CC      net/ipv6/inet6_hashtables.o
  CC      net/phonet/pep.o
  CC      net/netfilter/xt_qtaguid_print.o
  LD      net/ipv6/ipv6.o
  CC      net/netfilter/xt_qtaguid.o
  LD      net/ipv6/built-in.o
  CC [M]  drivers/net/wireless/bcm4329/siutils.o
  CC      net/phonet/pep-gprs.o
  CC [M]  drivers/net/wireless/bcm4329/sbutils.o
  LD      net/phonet/phonet.o
  LD      net/phonet/pn_pep.o
  LD      net/phonet/built-in.o
  CC      drivers/regulator/core.o
  CC      drivers/regulator/dummy.o
  CC [M]  drivers/net/wireless/bcm4329/aiutils.o
  CC      net/netfilter/xt_quota.o
  CC      net/rfkill/core.o
  CC      net/netfilter/xt_quota2.o
  CC [M]  drivers/net/wireless/bcm4329/hndpmu.o
  CC      drivers/regulator/max8893.o
  CC      net/netfilter/xt_socket.o
  CC      net/rfkill/input.o
  CC [M]  drivers/net/wireless/bcm4329/bcmwifi.o
  CC      drivers/regulator/max8998.o
  LD      net/rfkill/rfkill.o
  LD      net/rfkill/built-in.o
  CC      net/netfilter/xt_state.o
  CC [M]  drivers/net/wireless/bcm4329/dhd_sdio.o
  CC      net/sched/sch_generic.o
  CC      net/netfilter/xt_statistic.o
  LD      drivers/regulator/built-in.o
  CC [M]  drivers/net/wireless/bcm4329/dhd_linux_sched.o
  CC      net/netfilter/xt_string.o
  CC      net/netfilter/xt_time.o
  CC      net/sched/sch_mq.o
  CC      net/sched/sch_api.o
  CC      net/netfilter/xt_u32.o
  CC      net/sched/sch_blackhole.o
  LD      net/netfilter/netfilter.o
  LD      net/netfilter/built-in.o
  CC [M]  drivers/net/wireless/bcm4329/dhd_cdc.o
  CC [M]  drivers/net/wireless/bcm4329/bcmsdh_sdmmc.o
  CC      net/unix/af_unix.o
  CC      net/sched/cls_api.o
  CC      net/sched/act_api.o
  CC [M]  drivers/net/wireless/bcm4329/bcmsdh.o
  CC [M]  drivers/net/wireless/bcm4329/bcmsdh_linux.o
  CC      drivers/rtc/rtc-lib.o
  CC      net/sched/act_police.o
  CC      drivers/rtc/hctosys.o
  CC [M]  drivers/net/wireless/bcm4329/bcmsdh_sdmmc_linux.o
  CC      drivers/rtc/class.o
  CC      net/sched/act_gact.o
  CC      net/unix/garbage.o
  CC      drivers/rtc/interface.o
  LD [M]  drivers/net/wireless/bcm4329/bcm4329.o
  LD      drivers/net/built-in.o
  CC      net/wireless/wext-core.o
  CC      net/sched/act_mirred.o
  CC      net/unix/sysctl_net_unix.o
  CC      drivers/rtc/rtc-dev.o
  CC      net/wireless/wext-proc.o
  CC      net/sched/sch_fifo.o
  LD      net/unix/unix.o
  LD      net/unix/built-in.o
  CC      net/sched/sch_htb.o
  CC      drivers/rtc/rtc-proc.o
  CC      net/wireless/wext-priv.o
  CC      drivers/rtc/rtc-sysfs.o
  CC      drivers/rtc/alarm.o
  CC      net/sched/sch_ingress.o
  LD      net/wireless/built-in.o
  CC      net/sched/cls_u32.o
  CC      drivers/rtc/alarm-dev.o
  CC      net/sched/ematch.o
  CC      net/xfrm/xfrm_policy.o
  CC      drivers/rtc/rtc-max8998.o
  CC      drivers/rtc/rtc-s3c.o
  CC      net/sched/em_u32.o
drivers/rtc/rtc-s3c.c: In function 's3c_rtc_probe':
drivers/rtc/rtc-s3c.c:523: warning: unused variable 'rtc_tm'
  CC      drivers/scsi/scsi.o
  LD      net/sched/built-in.o
  LD      drivers/rtc/rtc-core.o
  LD      drivers/rtc/built-in.o
  CC      drivers/spi/spi.o
  CC      net/xfrm/xfrm_state.o
  CC      drivers/scsi/hosts.o
  CC      drivers/spi/spi_bitbang.o
  CC      drivers/spi/spi_gpio.o
  CC      drivers/scsi/scsi_ioctl.o
  CC      net/sysctl_net.o
  LD      drivers/spi/built-in.o
  CC      drivers/staging/staging.o
  CC      drivers/staging/android/binder.o
  CC      drivers/scsi/constants.o
  CC      drivers/scsi/scsicam.o
  CC      net/xfrm/xfrm_hash.o
  CC      net/xfrm/xfrm_input.o
  CC      net/xfrm/xfrm_output.o
  CC      drivers/scsi/scsi_error.o
  CC      drivers/switch/switch_class.o
  CC      net/xfrm/xfrm_algo.o
  LD      drivers/switch/built-in.o
  CC      net/xfrm/xfrm_sysctl.o
  CC      drivers/staging/android/logger.o
  CC      drivers/scsi/scsi_lib.o
  CC      net/xfrm/xfrm_replay.o
  CC      net/activity_stats.o
  CC      drivers/staging/android/ram_console.o
  CC      net/xfrm/xfrm_ipcomp.o
  CC      drivers/scsi/scsi_lib_dma.o
  CC      drivers/staging/android/timed_output.o
  CC      drivers/staging/android/timed_gpio.o
  CC      drivers/staging/android/lowmemorykiller.o
  CC      drivers/scsi/scsi_scan.o
  CC      drivers/scsi/scsi_sysfs.o
  LD      net/xfrm/built-in.o
  LD      drivers/staging/android/built-in.o
  LD      net/built-in.o
  LD      drivers/staging/generic_serial/built-in.o
  LD      drivers/staging/tty/built-in.o
  LD      drivers/staging/built-in.o
  CC      drivers/scsi/scsi_devinfo.o
  CC      drivers/scsi/scsi_sysctl.o
  CC      drivers/tty/tty_io.o
  CC      drivers/tty/n_tty.o
  CC      drivers/scsi/scsi_proc.o
  CC      drivers/usb/core/usb.o
  CC      drivers/scsi/scsi_trace.o
  CC      drivers/usb/core/hub.o
  CC      drivers/scsi/scsi_pm.o
  CC      drivers/tty/tty_ioctl.o
  CC      drivers/scsi/sd.o
  LD      drivers/scsi/arm/built-in.o
  CC      drivers/scsi/sg.o
  CC      drivers/tty/tty_ldisc.o
  CC      drivers/usb/core/hcd.o
  CC      drivers/tty/tty_buffer.o
  CC [M]  drivers/scsi/scsi_wait_scan.o
  CC      drivers/tty/tty_port.o
  CC      drivers/tty/tty_mutex.o
  LD      drivers/scsi/scsi_mod.o
  LD      drivers/scsi/sd_mod.o
  LD      drivers/scsi/built-in.o
  CC      drivers/video/fb_notify.o
  CC      drivers/video/fbmem.o
  CC      drivers/usb/core/urb.o
  CC      drivers/tty/pty.o
  CC      drivers/tty/sysrq.o
  CC      drivers/usb/core/message.o
  CC      drivers/usb/core/driver.o
  LD      drivers/tty/ipwireless/built-in.o
  CC      drivers/tty/serial/serial_core.o
  CC      drivers/video/fbmon.o
  CC      drivers/video/fbcmap.o
  CC      drivers/usb/core/config.o
  CC      drivers/usb/gadget/s3c_udc_otg.o
  CC      drivers/video/fbsysfs.o
  CC      drivers/usb/core/file.o
  CC      drivers/tty/serial/samsung.o
  CC      drivers/video/modedb.o
  CC      drivers/usb/core/buffer.o
  CC      drivers/usb/gadget/android.o
  CC      drivers/usb/core/sysfs.o
  CC      drivers/video/fbcvt.o
  CC      drivers/tty/serial/s5pv210.o
  CC      drivers/video/backlight/lcd.o
  LD      drivers/tty/serial/built-in.o
  CC      drivers/tty/vt/vt_ioctl.o
  CC      drivers/usb/core/endpoint.o
  CC      drivers/video/backlight/backlight.o
  CC      drivers/usb/core/devio.o
  LD      drivers/video/backlight/built-in.o
  CC      drivers/video/console/dummycon.o
  CC      drivers/tty/vt/vc_screen.o
  LD      drivers/video/console/built-in.o
  LD      drivers/video/display/built-in.o
  LD      drivers/video/omap2/displays/built-in.o
  LD      drivers/video/omap2/built-in.o
  CC      drivers/video/samsung/s3cfb.o
  CC      drivers/tty/vt/selection.o
  CC      drivers/usb/core/notify.o
  CC      drivers/usb/core/generic.o
  CC      drivers/tty/vt/keyboard.o
  CC      drivers/usb/core/quirks.o
  CC      drivers/usb/core/devices.o
  CC      drivers/tty/vt/consolemap.o
drivers/video/samsung/s3cfb.c: In function 's3cfb_sysfs_show_lcd_power':
drivers/video/samsung/s3cfb.c:987: warning: 'return' with no value, in function returning non-void
drivers/video/samsung/s3cfb.c: In function 's3cfb_probe':
drivers/video/samsung/s3cfb.c:1138: warning: too many arguments for format
  LD      drivers/usb/core/usbcore.o
drivers/video/samsung/s3cfb.c: At top level:
drivers/video/samsung/s3cfb.c:261: warning: 's3cfb_map_default_video_memory' defined but not used
  LD      drivers/usb/core/built-in.o
  CONMK   drivers/tty/vt/consolemap_deftbl.c
  CC      drivers/tty/vt/vt.o
  LD      drivers/usb/misc/built-in.o
  LD      drivers/usb/storage/built-in.o
  SHIPPED drivers/tty/vt/defkeymap.c
  CC      drivers/video/cfbfillrect.o
  CC      drivers/video/cfbcopyarea.o
  CC      drivers/video/cfbimgblt.o
  CC      drivers/video/samsung/s3cfb_fimd6x.o
drivers/video/samsung/s3cfb_fimd6x.c: In function 's3cfb_set_alpha_value_width':
drivers/video/samsung/s3cfb_fimd6x.c:610: warning: control reaches end of non-void function
  LD      drivers/video/fb.o
  CC      drivers/video/samsung/s3cfb_tl2796.o
  CC      drivers/tty/vt/consolemap_deftbl.o
  CC      drivers/tty/vt/defkeymap.o
  CC      drivers/video/samsung/s3cfb_mdnie.o
  LD      drivers/tty/vt/built-in.o
  LD      drivers/tty/built-in.o
  CC      drivers/video/samsung/s3cfb_ielcd.o
  LD      drivers/usb/gadget/g_android.o
  LD      drivers/usb/gadget/built-in.o
  LD      drivers/usb/built-in.o
In file included from drivers/video/samsung/s3cfb_mdnie.c:95:
drivers/video/samsung/s3cfb_mdnie_value.h:193: warning: missing braces around initializer
drivers/video/samsung/s3cfb_mdnie_value.h:193: warning: (near initialization for 'mDNIe_Video[0]')
drivers/video/samsung/s3cfb_mdnie_value.h:209: warning: missing braces around initializer
drivers/video/samsung/s3cfb_mdnie_value.h:209: warning: (near initialization for 'mDNIe_Camera[0]')
drivers/video/samsung/s3cfb_mdnie_value.h:225: warning: missing braces around initializer
drivers/video/samsung/s3cfb_mdnie_value.h:225: warning: (near initialization for 'mDNIe_Camera_Outdoor_Mode[0]')
drivers/video/samsung/s3cfb_mdnie_value.h:250: warning: missing braces around initializer
drivers/video/samsung/s3cfb_mdnie_value.h:250: warning: (near initialization for 'mDNIe_UI[0]')
drivers/video/samsung/s3cfb_mdnie_value.h:268: warning: missing braces around initializer
drivers/video/samsung/s3cfb_mdnie_value.h:268: warning: (near initialization for 'mDNIe_Video_Warm[0]')
drivers/video/samsung/s3cfb_mdnie_value.h:283: warning: missing braces around initializer
drivers/video/samsung/s3cfb_mdnie_value.h:283: warning: (near initialization for 'mDNIe_Video_WO_Mode[0]')
drivers/video/samsung/s3cfb_mdnie_value.h:298: warning: missing braces around initializer
drivers/video/samsung/s3cfb_mdnie_value.h:298: warning: (near initialization for 'mDNIe_Video_Cold[0]')
drivers/video/samsung/s3cfb_mdnie_value.h:313: warning: missing braces around initializer
drivers/video/samsung/s3cfb_mdnie_value.h:313: warning: (near initialization for 'mDNIe_Video_CO_Mode[0]')
drivers/video/samsung/s3cfb_mdnie_value.h:329: warning: missing braces around initializer
drivers/video/samsung/s3cfb_mdnie_value.h:329: warning: (near initialization for 'mDNIe_Outdoor_Mode[0]')
drivers/video/samsung/s3cfb_mdnie.c: In function 'mdnieset_ui_file_cmd_show':
drivers/video/samsung/s3cfb_mdnie.c:556: warning: ISO C90 forbids mixed declarations and code
  LD      drivers/video/samsung/built-in.o
  LD      drivers/video/built-in.o
  LD      drivers/built-in.o
  LD      vmlinux.o
  MODPOST vmlinux.o
WARNING: modpost: Found 7 section mismatch(es).
To see full details build your kernel with:
'make CONFIG_DEBUG_SECTION_MISMATCH=y'
  GEN     .version
  CHK     include/generated/compile.h
  LD      .tmp_vmlinux1
  KSYM    .tmp_kallsyms1.S
  AS      .tmp_kallsyms1.o
  LD      .tmp_vmlinux2
  KSYM    .tmp_kallsyms2.S
  AS      .tmp_kallsyms2.o
  LD      vmlinux
  SYSMAP  System.map
  SYSMAP  .tmp_System.map
  OBJCOPY arch/arm/boot/Image
  Building modules, stage 2.
  MODPOST 3 modules
  Kernel: arch/arm/boot/Image is ready
  AS      arch/arm/boot/compressed/head.o
  XZKERN  arch/arm/boot/compressed/piggy.xzkern
  CC      arch/arm/boot/compressed/misc.o
  CC      arch/arm/boot/compressed/decompress.o
In file included from arch/arm/plat-samsung/include/plat/uncompress.h:30,
                 from arch/arm/mach-s5pv210/include/mach/uncompress.h:17,
                 from arch/arm/boot/compressed/misc.c:34:
arch/arm/plat-samsung/include/plat/regs-serial.h:284: warning: 'struct uart_port' declared inside parameter list
arch/arm/plat-samsung/include/plat/regs-serial.h:284: warning: its scope is only this definition or declaration, which is probably not what you want
  CC      crypto/ansi_cprng.mod.o
  CC      drivers/net/wireless/bcm4329/bcm4329.mod.o
  SHIPPED arch/arm/boot/compressed/lib1funcs.S
  SHIPPED arch/arm/boot/compressed/ashldi3.S
  AS      arch/arm/boot/compressed/lib1funcs.o
  AS      arch/arm/boot/compressed/ashldi3.o
  CC      drivers/scsi/scsi_wait_scan.mod.o
  LD [M]  crypto/ansi_cprng.ko
  LD [M]  drivers/net/wireless/bcm4329/bcm4329.ko
  LD [M]  drivers/scsi/scsi_wait_scan.ko
  AS      arch/arm/boot/compressed/piggy.xzkern.o
  LD      arch/arm/boot/compressed/vmlinux
  OBJCOPY arch/arm/boot/zImage
  Kernel: arch/arm/boot/zImage is ready
